分类: 📺央视频道, 名称: CCTV-4美洲, 总数: 2, 有效: 0, 有效率: 0.00%, IPv4: 2, IPv6: 0, 最小延迟: -1 ms, 最高速率: 0.00 M/s, 平均速率: 0.00 M/s, 最高分辨率: None, 平均帧率: 未知, 视频编解码器: 未知, 音频编解码器: 未知
分类: 📺央视频道, 名称: CCTV-4欧洲, 总数: 1, 有效: 0, 有效率: 0.00%, IPv4: 1, IPv6: 0, 最小延迟: -1 ms, 最高速率: 0.00 M/s, 平均速率: 0.00 M/s, 最高分辨率: None, 平均帧率: 未知, 视频编解码器: 未知, 音频编解码器: 未知
分类: 📺央视频道, 名称: CCTV-1, 总数: 20, 有效: 2, 有效率: 10.00%, IPv4: 20, IPv6: 0, 最小延迟: 87 ms, 最高速率: 17.32 M/s, 平均速率: 10.65 M/s, 最高分辨率: 1920x1080, 平均帧率: 42.00, 视频编解码器: h264, 音频编解码器: mp2
分类: 📺央视频道, 名称: CCTV-2, 总数: 24, 有效: 3, 有效率: 12.50%, IPv4: 24, IPv6: 0, 最小延迟: 450 ms, 最高速率: 8.10 M/s, 平均速率: 5.51 M/s, 最高分辨率: 1920x1080, 平均帧率: 30.00, 视频编解码器: h264, 音频编解码器: aac
分类: 📺央视频道, 名称: CCTV-4K, 总数: 4, 有效: 1, 有效率: 25.00%, IPv4: 4, IPv6: 0, 最小延迟: 133 ms, 最高速率: 0.27 M/s, 平均速率: 0.27 M/s, 最高分辨率: 1920x1080, 平均帧率: 30.00, 视频编解码器: hevc, 音频编解码器: aac
分类: 📺央视频道, 名称: CCTV-3, 总数: 22, 有效: 3, 有效率: 13.64%, IPv4: 22, IPv6: 0, 最小延迟: 514 ms, 最高速率: 8.09 M/s, 平均速率: 4.09 M/s, 最高分辨率: 1920x1080, 平均帧率: 25.00, 视频编解码器: h264, 音频编解码器: aac
分类: 📺央视频道, 名称: CCTV-4, 总数: 24, 有效: 3, 有效率: 12.50%, IPv4: 24, IPv6: 0, 最小延迟: 403 ms, 最高速率: 10.02 M/s, 平均速率: 6.01 M/s, 最高分辨率: 1920x1080, 平均帧率: 29.17, 视频编解码器: h264, 音频编解码器: aac
分类: 📺央视频道, 名称: CCTV-5, 总数: 25, 有效: 2, 有效率: 8.00%, IPv4: 25, IPv6: 0, 最小延迟: 573 ms, 最高速率: 7.44 M/s, 平均速率: 4.27 M/s, 最高分辨率: 1920x1080, 平均帧率: 25.00, 视频编解码器: h264, 音频编解码器: aac
分类: 📺央视频道, 名称: CCTV-5+, 总数: 17, 有效: 1, 有效率: 5.88%, IPv4: 17, IPv6: 0, 最小延迟: 283 ms, 最高速率: 15.09 M/s, 平均速率: 15.09 M/s, 最高分辨率: 1920x1080, 平均帧率: 25.00, 视频编解码器: h264, 音频编解码器: aac
分类: 📺央视频道, 名称: CCTV-6, 总数: 22, 有效: 1, 有效率: 4.55%, IPv4: 22, IPv6: 0, 最小延迟: 369 ms, 最高速率: 2.50 M/s, 平均速率: 2.50 M/s, 最高分辨率: 1920x1080, 平均帧率: 25.00, 视频编解码器: h264, 音频编解码器: aac
分类: 📺央视频道, 名称: CCTV-7, 总数: 20, 有效: 2, 有效率: 10.00%, IPv4: 20, IPv6: 0, 最小延迟: 259 ms, 最高速率: 15.66 M/s, 平均速率: 9.44 M/s, 最高分辨率: 1920x1080, 平均帧率: 37.50, 视频编解码器: h264, 音频编解码器: aac
分类: 📺央视频道, 名称: CCTV-8, 总数: 21, 有效: 2, 有效率: 9.52%, IPv4: 21, IPv6: 0, 最小延迟: 272 ms, 最高速率: 14.64 M/s, 平均速率: 11.24 M/s, 最高分辨率: 1920x1080, 平均帧率: 25.00, 视频编解码器: h264, 音频编解码器: aac
分类: 📺央视频道, 名称: CCTV-9, 总数: 22, 有效: 2, 有效率: 9.09%, IPv4: 22, IPv6: 0, 最小延迟: 465 ms, 最高速率: 4.62 M/s, 平均速率: 4.52 M/s, 最高分辨率: 1920x1080, 平均帧率: 31.25, 视频编解码器: h264, 音频编解码器: aac
分类: 📺央视频道, 名称: CCTV-10, 总数: 24, 有效: 3, 有效率: 12.50%, IPv4: 24, IPv6: 0, 最小延迟: 100 ms, 最高速率: 7.60 M/s, 平均速率: 5.59 M/s, 最高分辨率: 1920x1080, 平均帧率: 31.00, 视频编解码器: h264, 音频编解码器: aac
分类: 📺央视频道, 名称: CCTV-11, 总数: 16, 有效: 2, 有效率: 12.50%, IPv4: 16, IPv6: 0, 最小延迟: 99 ms, 最高速率: 4.59 M/s, 平均速率: 4.05 M/s, 最高分辨率: 1920x1080, 平均帧率: 38.75, 视频编解码器: h264, 音频编解码器: aac
分类: 📺央视频道, 名称: CCTV-12, 总数: 21, 有效: 3, 有效率: 14.29%, IPv4: 21, IPv6: 0, 最小延迟: 100 ms, 最高速率: 8.19 M/s, 平均速率: 5.86 M/s, 最高分辨率: 1920x1080, 平均帧率: 35.00, 视频编解码器: h264, 音频编解码器: aac
分类: 📺央视频道, 名称: CCTV-13, 总数: 19, 有效: 2, 有效率: 10.53%, IPv4: 19, IPv6: 0, 最小延迟: 101 ms, 最高速率: 4.69 M/s, 平均速率: 4.56 M/s, 最高分辨率: 1920x1080, 平均帧率: 38.75, 视频编解码器: h264, 音频编解码器: aac
分类: 📺央视频道, 名称: CCTV-16, 总数: 12, 有效: 2, 有效率: 16.67%, IPv4: 12, IPv6: 0, 最小延迟: 500 ms, 最高速率: 7.65 M/s, 平均速率: 6.00 M/s, 最高分辨率: 1920x1080, 平均帧率: 32.50, 视频编解码器: h264, 音频编解码器: aac
分类: 📺央视频道, 名称: CCTV-14, 总数: 20, 有效: 2, 有效率: 10.00%, IPv4: 20, IPv6: 0, 最小延迟: 171 ms, 最高速率: 4.21 M/s, 平均速率: 2.14 M/s, 最高分辨率: 1920x1080, 平均帧率: 35.00, 视频编解码器: h264, 音频编解码器: aac
分类: 📺央视频道, 名称: CCTV-15, 总数: 19, 有效: 1, 有效率: 5.26%, IPv4: 19, IPv6: 0, 最小延迟: 159 ms, 最高速率: 4.37 M/s, 平均速率: 4.37 M/s, 最高分辨率: 1920x1080, 平均帧率: 36.00, 视频编解码器: h264, 音频编解码器: aac
分类: 📡卫视频道, 名称: 浙江卫视, 总数: 22, 有效: 5, 有效率: 22.73%, IPv4: 22, IPv6: 0, 最小延迟: 525 ms, 最高速率: 8.27 M/s, 平均速率: 2.01 M/s, 最高分辨率: 1920x1080, 平均帧率: 30.56, 视频编解码器: h264, 音频编解码器: aac
分类: 📡卫视频道, 名称: 广东卫视, 总数: 18, 有效: 0, 有效率: 0.00%, IPv4: 18, IPv6: 0, 最小延迟: 6744 ms, 最高速率: 0.51 M/s, 平均速率: 0.00 M/s, 最高分辨率: 1920x1080, 平均帧率: 25.00, 视频编解码器: h264, 音频编解码器: mp2
分类: 📺央视频道, 名称: CCTV-17, 总数: 15, 有效: 2, 有效率: 13.33%, IPv4: 15, IPv6: 0, 最小延迟: 165 ms, 最高速率: 16.49 M/s, 平均速率: 11.15 M/s, 最高分辨率: 1920x1080, 平均帧率: 33.33, 视频编解码器: h264, 音频编解码器: aac
分类: 📡卫视频道, 名称: 湖南卫视, 总数: 19, 有效: 3, 有效率: 15.79%, IPv4: 19, IPv6: 0, 最小延迟: 517 ms, 最高速率: 8.80 M/s, 平均速率: 5.79 M/s, 最高分辨率: 1920x1080, 平均帧率: 35.00, 视频编解码器: h264, 音频编解码器: aac
分类: 📡卫视频道, 名称: 湖北卫视, 总数: 12, 有效: 2, 有效率: 16.67%, IPv4: 12, IPv6: 0, 最小延迟: 682 ms, 最高速率: 6.65 M/s, 平均速率: 6.27 M/s, 最高分辨率: 1920x1080, 平均帧率: 25.00, 视频编解码器: h264, 音频编解码器: aac
分类: 📡卫视频道, 名称: 黑龙江卫视, 总数: 10, 有效: 0, 有效率: 0.00%, IPv4: 10, IPv6: 0, 最小延迟: 10078 ms, 最高速率: 0.24 M/s, 平均速率: 0.00 M/s, 最高分辨率: 1920x1080, 平均帧率: 50.00, 视频编解码器: h264, 音频编解码器: mp2
分类: 📡卫视频道, 名称: 安徽卫视, 总数: 14, 有效: 1, 有效率: 7.14%, IPv4: 14, IPv6: 0, 最小延迟: 519 ms, 最高速率: 7.73 M/s, 平均速率: 7.73 M/s, 最高分辨率: 1920x1080, 平均帧率: 25.00, 视频编解码器: h264, 音频编解码器: aac
分类: 📡卫视频道, 名称: 北京卫视, 总数: 17, 有效: 1, 有效率: 5.88%, IPv4: 17, IPv6: 0, 最小延迟: 189 ms, 最高速率: 4.89 M/s, 平均速率: 4.89 M/s, 最高分辨率: 1920x1080, 平均帧率: 26.25, 视频编解码器: h264, 音频编解码器: aac
分类: 📡卫视频道, 名称: 重庆卫视, 总数: 12, 有效: 2, 有效率: 16.67%, IPv4: 12, IPv6: 0, 最小延迟: 535 ms, 最高速率: 9.79 M/s, 平均速率: 9.73 M/s, 最高分辨率: 1920x1080, 平均帧率: 33.33, 视频编解码器: h264, 音频编解码器: aac
分类: 📡卫视频道, 名称: 东南卫视, 总数: 12, 有效: 1, 有效率: 8.33%, IPv4: 12, IPv6: 0, 最小延迟: 559 ms, 最高速率: 9.54 M/s, 平均速率: 9.54 M/s, 最高分辨率: 1920x1080, 平均帧率: 30.00, 视频编解码器: h264, 音频编解码器: aac
分类: 📡卫视频道, 名称: 东方卫视, 总数: 12, 有效: 3, 有效率: 25.00%, IPv4: 12, IPv6: 0, 最小延迟: 190 ms, 最高速率: 8.19 M/s, 平均速率: 7.07 M/s, 最高分辨率: 1920x1080, 平均帧率: 36.00, 视频编解码器: h264, 音频编解码器: aac
分类: 📡卫视频道, 名称: 甘肃卫视, 总数: 8, 有效: 1, 有效率: 12.50%, IPv4: 8, IPv6: 0, 最小延迟: 1121 ms, 最高速率: 4.43 M/s, 平均速率: 4.43 M/s, 最高分辨率: 1920x1080, 平均帧率: 25.00, 视频编解码器: h264, 音频编解码器: aac
分类: 📡卫视频道, 名称: 广西卫视, 总数: 12, 有效: 1, 有效率: 8.33%, IPv4: 12, IPv6: 0, 最小延迟: 522 ms, 最高速率: 7.71 M/s, 平均速率: 7.71 M/s, 最高分辨率: 1920x1080, 平均帧率: 24.66, 视频编解码器: h264, 音频编解码器: aac
分类: 📡卫视频道, 名称: 海南卫视, 总数: 11, 有效: 1, 有效率: 9.09%, IPv4: 11, IPv6: 0, 最小延迟: 501 ms, 最高速率: 8.53 M/s, 平均速率: 8.53 M/s, 最高分辨率: 1920x1080, 平均帧率: 25.00, 视频编解码器: h264, 音频编解码器: aac
分类: 📡卫视频道, 名称: 河北卫视, 总数: 14, 有效: 1, 有效率: 7.14%, IPv4: 14, IPv6: 0, 最小延迟: 578 ms, 最高速率: 8.04 M/s, 平均速率: 8.04 M/s, 最高分辨率: 1920x1080, 平均帧率: 33.33, 视频编解码器: h264, 音频编解码器: mp2
分类: 📡卫视频道, 名称: 贵州卫视, 总数: 10, 有效: 0, 有效率: 0.00%, IPv4: 10, IPv6: 0, 最小延迟: 10205 ms, 最高速率: 0.36 M/s, 平均速率: 0.00 M/s, 最高分辨率: 1920x1080, 平均帧率: 25.00, 视频编解码器: h264, 音频编解码器: mp2
分类: 📡卫视频道, 名称: 河南卫视, 总数: 17, 有效: 3, 有效率: 17.65%, IPv4: 17, IPv6: 0, 最小延迟: 335 ms, 最高速率: 7.21 M/s, 平均速率: 3.31 M/s, 最高分辨率: 1920x1080, 平均帧率: 25.00, 视频编解码器: h264, 音频编解码器: aac
分类: 📡卫视频道, 名称: 吉林卫视, 总数: 7, 有效: 1, 有效率: 14.29%, IPv4: 7, IPv6: 0, 最小延迟: 500 ms, 最高速率: 7.22 M/s, 平均速率: 7.22 M/s, 最高分辨率: 1920x1080, 平均帧率: 25.00, 视频编解码器: h264, 音频编解码器: aac
分类: 📡卫视频道, 名称: 江苏卫视, 总数: 19, 有效: 3, 有效率: 15.79%, IPv4: 19, IPv6: 0, 最小延迟: 206 ms, 最高速率: 8.24 M/s, 平均速率: 4.36 M/s, 最高分辨率: 1920x1080, 平均帧率: 34.17, 视频编解码器: h264, 音频编解码器: aac
分类: 📡卫视频道, 名称: 江西卫视, 总数: 14, 有效: 2, 有效率: 14.29%, IPv4: 14, IPv6: 0, 最小延迟: 546 ms, 最高速率: 8.93 M/s, 平均速率: 4.61 M/s, 最高分辨率: 1920x1080, 平均帧率: 24.00, 视频编解码器: h264, 音频编解码器: aac
分类: 📡卫视频道, 名称: 辽宁卫视, 总数: 16, 有效: 2, 有效率: 12.50%, IPv4: 16, IPv6: 0, 最小延迟: 579 ms, 最高速率: 7.71 M/s, 平均速率: 7.55 M/s, 最高分辨率: 1920x1080, 平均帧率: 35.00, 视频编解码器: h264, 音频编解码器: mp2
分类: 📡卫视频道, 名称: 山西卫视, 总数: 12, 有效: 2, 有效率: 16.67%, IPv4: 12, IPv6: 0, 最小延迟: 520 ms, 最高速率: 1.30 M/s, 平均速率: 0.20 M/s, 最高分辨率: 1920x1080, 平均帧率: 25.00, 视频编解码器: h264, 音频编解码器: aac
分类: 📡卫视频道, 名称: 三沙卫视, 总数: 3, 有效: 0, 有效率: 0.00%, IPv4: 3, IPv6: 0, 最小延迟: 3075 ms, 最高速率: 1.32 M/s, 平均速率: 0.00 M/s, 最高分辨率: 1920x1080, 平均帧率: 25.00, 视频编解码器: h264, 音频编解码器: aac
分类: 📡卫视频道, 名称: 山东卫视, 总数: 18, 有效: 2, 有效率: 11.11%, IPv4: 18, IPv6: 0, 最小延迟: 497 ms, 最高速率: 8.13 M/s, 平均速率: 7.70 M/s, 最高分辨率: 1920x1080, 平均帧率: 37.50, 视频编解码器: h264, 音频编解码器: aac
分类: 📡卫视频道, 名称: 内蒙古卫视, 总数: 4, 有效: 0, 有效率: 0.00%, IPv4: 4, IPv6: 0, 最小延迟: 10717 ms, 最高速率: 1.08 M/s, 平均速率: 0.00 M/s, 最高分辨率: 1920x1080, 平均帧率: 50.00, 视频编解码器: h264, 音频编解码器: mp2
分类: 📡卫视频道, 名称: 宁夏卫视, 总数: 10, 有效: 0, 有效率: 0.00%, IPv4: 10, IPv6: 0, 最小延迟: 1847 ms, 最高速率: 0.45 M/s, 平均速率: 0.00 M/s, 最高分辨率: 1920x1080, 平均帧率: 30.00, 视频编解码器: h264, 音频编解码器: aac
分类: 📡卫视频道, 名称: 青海卫视, 总数: 12, 有效: 2, 有效率: 16.67%, IPv4: 12, IPv6: 0, 最小延迟: 513 ms, 最高速率: 8.17 M/s, 平均速率: 4.21 M/s, 最高分辨率: 1920x1080, 平均帧率: 24.67, 视频编解码器: h264, 音频编解码器: aac
分类: 📡卫视频道, 名称: 四川卫视, 总数: 10, 有效: 1, 有效率: 10.00%, IPv4: 10, IPv6: 0, 最小延迟: 559 ms, 最高速率: 7.90 M/s, 平均速率: 7.90 M/s, 最高分辨率: 1920x1080, 平均帧率: 31.25, 视频编解码器: h264, 音频编解码器: aac
分类: 📡卫视频道, 名称: 陕西卫视, 总数: 12, 有效: 2, 有效率: 16.67%, IPv4: 12, IPv6: 0, 最小延迟: 561 ms, 最高速率: 7.01 M/s, 平均速率: 6.59 M/s, 最高分辨率: 1920x1080, 平均帧率: 25.00, 视频编解码器: h264, 音频编解码器: aac
分类: 📡卫视频道, 名称: 云南卫视, 总数: 11, 有效: 1, 有效率: 9.09%, IPv4: 11, IPv6: 0, 最小延迟: 580 ms, 最高速率: 8.16 M/s, 平均速率: 8.16 M/s, 最高分辨率: 1920x1080, 平均帧率: 25.00, 视频编解码器: h264, 音频编解码器: aac
分类: 📡卫视频道, 名称: 深圳卫视, 总数: 15, 有效: 2, 有效率: 13.33%, IPv4: 15, IPv6: 0, 最小延迟: 528 ms, 最高速率: 7.96 M/s, 平均速率: 4.90 M/s, 最高分辨率: 1920x1080, 平均帧率: 30.83, 视频编解码器: h264, 音频编解码器: aac
分类: 📺付费频道, 名称: 中学生, 总数: 1, 有效: 0, 有效率: 0.00%, IPv4: 1, IPv6: 0, 最小延迟: -1 ms, 最高速率: 0.00 M/s, 平均速率: 0.00 M/s, 最高分辨率: None, 平均帧率: 未知, 视频编解码器: 未知, 音频编解码器: 未知
分类: 📺付费频道, 名称: 百姓健康, 总数: 1, 有效: 0, 有效率: 0.00%, IPv4: 1, IPv6: 0, 最小延迟: -1 ms, 最高速率: 0.00 M/s, 平均速率: 0.00 M/s, 最高分辨率: None, 平均帧率: 未知, 视频编解码器: 未知, 音频编解码器: 未知
分类: 📡卫视频道, 名称: 天津卫视, 总数: 14, 有效: 1, 有效率: 7.14%, IPv4: 14, IPv6: 0, 最小延迟: 548 ms, 最高速率: 8.58 M/s, 平均速率: 8.58 M/s, 最高分辨率: 1920x1080, 平均帧率: 37.50, 视频编解码器: h264, 音频编解码器: aac
分类: 📺付费频道, 名称: 第一剧场, 总数: 1, 有效: 0, 有效率: 0.00%, IPv4: 1, IPv6: 0, 最小延迟: 5363 ms, 最高速率: 0.16 M/s, 平均速率: 0.00 M/s, 最高分辨率: 1920x1080, 平均帧率: 25.00, 视频编解码器: h264, 音频编解码器: aac
分类: 🎬电影频道, 名称: CHC影迷电影, 总数: 3, 有效: 0, 有效率: 0.00%, IPv4: 3, IPv6: 0, 最小延迟: -1 ms, 最高速率: 0.00 M/s, 平均速率: 0.00 M/s, 最高分辨率: None, 平均帧率: 未知, 视频编解码器: 未知, 音频编解码器: 未知
分类: 🎬电影频道, 名称: 超级电影, 总数: 1, 有效: 0, 有效率: 0.00%, IPv4: 1, IPv6: 0, 最小延迟: -1 ms, 最高速率: 0.00 M/s, 平均速率: 0.00 M/s, 最高分辨率: None, 平均帧率: 未知, 视频编解码器: 未知, 音频编解码器: 未知
分类: 📺付费频道, 名称: 怀旧剧场, 总数: 1, 有效: 0, 有效率: 0.00%, IPv4: 1, IPv6: 0, 最小延迟: 10918 ms, 最高速率: 0.08 M/s, 平均速率: 0.00 M/s, 最高分辨率: 1920x1080, 平均帧率: 25.00, 视频编解码器: h264, 音频编解码器: aac
分类: 📺付费频道, 名称: 风云剧场, 总数: 1, 有效: 0, 有效率: 0.00%, IPv4: 1, IPv6: 0, 最小延迟: 8049 ms, 最高速率: 0.11 M/s, 平均速率: 0.00 M/s, 最高分辨率: None, 平均帧率: 未知, 视频编解码器: 未知, 音频编解码器: 未知
分类: 📺付费频道, 名称: 风云足球, 总数: 4, 有效: 0, 有效率: 0.00%, IPv4: 4, IPv6: 0, 最小延迟: 10004 ms, 最高速率: 0.16 M/s, 平均速率: 0.00 M/s, 最高分辨率: 1920x1080, 平均帧率: 25.00, 视频编解码器: h264, 音频编解码器: aac
分类: 🎬电影频道, 名称: 无线星河, 总数: 1, 有效: 0, 有效率: 0.00%, IPv4: 1, IPv6: 0, 最小延迟: -1 ms, 最高速率: 0.00 M/s, 平均速率: 0.00 M/s, 最高分辨率: None, 平均帧率: 未知, 视频编解码器: 未知, 音频编解码器: 未知
分类: 🎬电影频道, 名称: 天映经典, 总数: 2, 有效: 0, 有效率: 0.00%, IPv4: 2, IPv6: 0, 最小延迟: 2443 ms, 最高速率: 0.62 M/s, 平均速率: 0.00 M/s, 最高分辨率: None, 平均帧率: 未知, 视频编解码器: 未知, 音频编解码器: 未知
分类: 🎬电影频道, 名称: 动作电影, 总数: 1, 有效: 0, 有效率: 0.00%, IPv4: 1, IPv6: 0, 最小延迟: 7446 ms, 最高速率: 0.89 M/s, 平均速率: 0.00 M/s, 最高分辨率: None, 平均帧率: 未知, 视频编解码器: 未知, 音频编解码器: 未知
分类: 📡卫视频道, 名称: 西藏卫视, 总数: 9, 有效: 1, 有效率: 11.11%, IPv4: 9, IPv6: 0, 最小延迟: 706 ms, 最高速率: 6.98 M/s, 平均速率: 6.98 M/s, 最高分辨率: 1920x1080, 平均帧率: 25.00, 视频编解码器: h264, 音频编解码器: aac
分类: 🎬电影频道, 名称: CHC家庭影院, 总数: 5, 有效: 0, 有效率: 0.00%, IPv4: 5, IPv6: 0, 最小延迟: 136 ms, 最高速率: 6.42 M/s, 平均速率: 0.00 M/s, 最高分辨率: 3840x2160, 平均帧率: 25.00, 视频编解码器: hevc, 音频编解码器: aac
分类: 🎬电影频道, 名称: 东森超视, 总数: 4, 有效: 3, 有效率: 75.00%, IPv4: 4, IPv6: 0, 最小延迟: 1211 ms, 最高速率: 1.79 M/s, 平均速率: 1.49 M/s, 最高分辨率: 1920x1080, 平均帧率: 29.97, 视频编解码器: h264, 音频编解码器: aac
分类: 📡卫视频道, 名称: 新疆卫视, 总数: 9, 有效: 1, 有效率: 11.11%, IPv4: 9, IPv6: 0, 最小延迟: 815 ms, 最高速率: 0.00 M/s, 平均速率: 0.00 M/s, 最高分辨率: 1920x1080, 平均帧率: 25.00, 视频编解码器: h264, 音频编解码器: mp2
分类: 🎬电影频道, 名称: 惊悚悬疑, 总数: 2, 有效: 0, 有效率: 0.00%, IPv4: 2, IPv6: 0, 最小延迟: 10236 ms, 最高速率: 0.96 M/s, 平均速率: 0.00 M/s, 最高分辨率: 1920x1080, 平均帧率: 50.00, 视频编解码器: h264, 音频编解码器: mp2
分类: 🎬电影频道, 名称: 家庭剧场, 总数: 2, 有效: 0, 有效率: 0.00%, IPv4: 2, IPv6: 0, 最小延迟: 7417 ms, 最高速率: 0.85 M/s, 平均速率: 0.00 M/s, 最高分辨率: 1920x1080, 平均帧率: 25.00, 视频编解码器: h264, 音频编解码器: aac
分类: 🎬电影频道, 名称: CHC动作电影, 总数: 2, 有效: 0, 有效率: 0.00%, IPv4: 2, IPv6: 0, 最小延迟: 10377 ms, 最高速率: 0.12 M/s, 平均速率: 0.00 M/s, 最高分辨率: 1920x1080, 平均帧率: 25.00, 视频编解码器: h264, 音频编解码器: aac
分类: 🎬NewTV, 名称: NewTV超级体育, 总数: 1, 有效: 0, 有效率: 0.00%, IPv4: 1, IPv6: 0, 最小延迟: -1 ms, 最高速率: 0.00 M/s, 平均速率: 0.00 M/s, 最高分辨率: None, 平均帧率: 未知, 视频编解码器: 未知, 音频编解码器: 未知
分类: 🎬NewTV, 名称: NewTV金牌综艺, 总数: 2, 有效: 0, 有效率: 0.00%, IPv4: 2, IPv6: 0, 最小延迟: -1 ms, 最高速率: 0.00 M/s, 平均速率: 0.00 M/s, 最高分辨率: None, 平均帧率: 未知, 视频编解码器: 未知, 音频编解码器: 未知
分类: 📺付费频道, 名称: 发现之旅, 总数: 2, 有效: 0, 有效率: 0.00%, IPv4: 2, IPv6: 0, 最小延迟: 10487 ms, 最高速率: 0.00 M/s, 平均速率: 0.00 M/s, 最高分辨率: None, 平均帧率: 未知, 视频编解码器: 未知, 音频编解码器: 未知
分类: 🎬NewTV, 名称: NewTV明星大片, 总数: 1, 有效: 0, 有效率: 0.00%, IPv4: 1, IPv6: 0, 最小延迟: -1 ms, 最高速率: 0.00 M/s, 平均速率: 0.00 M/s, 最高分辨率: None, 平均帧率: 未知, 视频编解码器: 未知, 音频编解码器: 未知
分类: 🎬电影频道, 名称: 黑莓电影, 总数: 2, 有效: 0, 有效率: 0.00%, IPv4: 2, IPv6: 0, 最小延迟: 6022 ms, 最高速率: 1.06 M/s, 平均速率: 0.00 M/s, 最高分辨率: 1920x1080, 平均帧率: 25.00, 视频编解码器: h264, 音频编解码器: aac
分类: 📺付费频道, 名称: 女性时尚, 总数: 1, 有效: 0, 有效率: 0.00%, IPv4: 1, IPv6: 0, 最小延迟: 10948 ms, 最高速率: 0.00 M/s, 平均速率: 0.00 M/s, 最高分辨率: None, 平均帧率: 未知, 视频编解码器: 未知, 音频编解码器: 未知
分类: 📺付费频道, 名称: 老故事, 总数: 5, 有效: 0, 有效率: 0.00%, IPv4: 5, IPv6: 0, 最小延迟: 10690 ms, 最高速率: 0.00 M/s, 平均速率: 0.00 M/s, 最高分辨率: None, 平均帧率: 未知, 视频编解码器: 未知, 音频编解码器: 未知
分类: 📺付费频道, 名称: 世界地理, 总数: 4, 有效: 0, 有效率: 0.00%, IPv4: 4, IPv6: 0, 最小延迟: 10755 ms, 最高速率: 0.19 M/s, 平均速率: 0.00 M/s, 最高分辨率: 1920x1080, 平均帧率: 25.00, 视频编解码器: h264, 音频编解码器: aac
分类: 🎬NewTV, 名称: NewTV爱情喜剧, 总数: 1, 有效: 0, 有效率: 0.00%, IPv4: 1, IPv6: 0, 最小延迟: 7398 ms, 最高速率: 0.87 M/s, 平均速率: 0.00 M/s, 最高分辨率: None, 平均帧率: 未知, 视频编解码器: 未知, 音频编解码器: 未知
分类: 🎬NewTV, 名称: NewTV古装剧场, 总数: 3, 有效: 0, 有效率: 0.00%, IPv4: 3, IPv6: 0, 最小延迟: 2070 ms, 最高速率: 1.07 M/s, 平均速率: 0.00 M/s, 最高分辨率: 1920x1080, 平均帧率: 25.00, 视频编解码器: h264, 音频编解码器: aac
分类: 🎬NewTV, 名称: NewTV精品大剧, 总数: 2, 有效: 0, 有效率: 0.00%, IPv4: 2, IPv6: 0, 最小延迟: 6823 ms, 最高速率: 0.96 M/s, 平均速率: 0.00 M/s, 最高分辨率: 1920x1080, 平均帧率: 25.00, 视频编解码器: h264, 音频编解码器: aac
分类: 📺港澳频道, 名称: RTHK34, 总数: 1, 有效: 0, 有效率: 0.00%, IPv4: 1, IPv6: 0, 最小延迟: -1 ms, 最高速率: 0.00 M/s, 平均速率: 0.00 M/s, 最高分辨率: None, 平均帧率: 未知, 视频编解码器: 未知, 音频编解码器: 未知
分类: 📺港澳频道, 名称: RTHK35, 总数: 1, 有效: 0, 有效率: 0.00%, IPv4: 1, IPv6: 0, 最小延迟: -1 ms, 最高速率: 0.00 M/s, 平均速率: 0.00 M/s, 最高分辨率: None, 平均帧率: 未知, 视频编解码器: 未知, 音频编解码器: 未知
分类: 📺港澳频道, 名称: ViuTV, 总数: 1, 有效: 0, 有效率: 0.00%, IPv4: 1, IPv6: 0, 最小延迟: -1 ms, 最高速率: 0.00 M/s, 平均速率: 0.00 M/s, 最高分辨率: None, 平均帧率: 未知, 视频编解码器: 未知, 音频编解码器: 未知
分类: 🎬NewTV, 名称: NewTV家庭剧场, 总数: 2, 有效: 0, 有效率: 0.00%, IPv4: 2, IPv6: 0, 最小延迟: 10762 ms, 最高速率: 0.03 M/s, 平均速率: 0.00 M/s, 最高分辨率: 1920x1080, 平均帧率: 25.00, 视频编解码器: h264, 音频编解码器: aac
分类: 🎬NewTV, 名称: NewTV中国功夫, 总数: 1, 有效: 0, 有效率: 0.00%, IPv4: 1, IPv6: 0, 最小延迟: 7231 ms, 最高速率: 0.99 M/s, 平均速率: 0.00 M/s, 最高分辨率: None, 平均帧率: 未知, 视频编解码器: 未知, 音频编解码器: 未知
分类: 🎬电影频道, 名称: 星空卫视, 总数: 1, 有效: 0, 有效率: 0.00%, IPv4: 1, IPv6: 0, 最小延迟: 10627 ms, 最高速率: 0.07 M/s, 平均速率: 0.00 M/s, 最高分辨率: None, 平均帧率: 未知, 视频编解码器: 未知, 音频编解码器: 未知
分类: 🎬电影频道, 名称: 东森电影, 总数: 1, 有效: 1, 有效率: 100.00%, IPv4: 1, IPv6: 0, 最小延迟: 293 ms, 最高速率: 0.32 M/s, 平均速率: 0.32 M/s, 最高分辨率: 1920x1080, 平均帧率: 29.42, 视频编解码器: h264, 音频编解码器: aac
分类: 📺港澳频道, 名称: 凤凰资讯, 总数: 1, 有效: 0, 有效率: 0.00%, IPv4: 1, IPv6: 0, 最小延迟: -1 ms, 最高速率: 0.00 M/s, 平均速率: 0.00 M/s, 最高分辨率: None, 平均帧率: 未知, 视频编解码器: 未知, 音频编解码器: 未知
分类: 🎬NewTV, 名称: NewTV军旅剧场, 总数: 3, 有效: 0, 有效率: 0.00%, IPv4: 3, IPv6: 0, 最小延迟: 7538 ms, 最高速率: 1.02 M/s, 平均速率: 0.00 M/s, 最高分辨率: 1920x1080, 平均帧率: 25.00, 视频编解码器: h264, 音频编解码器: aac
分类: 🎬电影频道, 名称: 纬来电影, 总数: 1, 有效: 1, 有效率: 100.00%, IPv4: 1, IPv6: 0, 最小延迟: 128 ms, 最高速率: 0.22 M/s, 平均速率: 0.22 M/s, 最高分辨率: 1920x1080, 平均帧率: 29.97, 视频编解码器: h264, 音频编解码器: aac
分类: 📺港澳频道, 名称: 凤凰香港, 总数: 5, 有效: 0, 有效率: 0.00%, IPv4: 5, IPv6: 0, 最小延迟: 3000 ms, 最高速率: 0.79 M/s, 平均速率: 0.00 M/s, 最高分辨率: 1920x1080, 平均帧率: 25.00, 视频编解码器: h264, 音频编解码器: aac
分类: 📺港澳频道, 名称: 翡翠台, 总数: 2, 有效: 0, 有效率: 0.00%, IPv4: 2, IPv6: 0, 最小延迟: 10468 ms, 最高速率: 0.05 M/s, 平均速率: 0.00 M/s, 最高分辨率: None, 平均帧率: 未知, 视频编解码器: 未知, 音频编解码器: 未知
分类: 📺港澳频道, 名称: RTHK32, 总数: 6, 有效: 3, 有效率: 50.00%, IPv4: 6, IPv6: 0, 最小延迟: 128 ms, 最高速率: 49.11 M/s, 平均速率: 0.18 M/s, 最高分辨率: 1280x720, 平均帧率: 25.00, 视频编解码器: hevc, 音频编解码器: aac
分类: 📚纪录频道, 名称: 茶频道, 总数: 1, 有效: 0, 有效率: 0.00%, IPv4: 1, IPv6: 0, 最小延迟: 2651 ms, 最高速率: 0.21 M/s, 平均速率: 0.00 M/s, 最高分辨率: 640x360, 平均帧率: 25.00, 视频编解码器: h264, 音频编解码器: aac
分类: 🎵音乐频道, 名称: Channel[V], 总数: 1, 有效: 0, 有效率: 0.00%, IPv4: 1, IPv6: 0, 最小延迟: -1 ms, 最高速率: 0.00 M/s, 平均速率: 0.00 M/s, 最高分辨率: None, 平均帧率: 未知, 视频编解码器: 未知, 音频编解码器: 未知
分类: 📺港澳频道, 名称: RTHK31, 总数: 5, 有效: 2, 有效率: 40.00%, IPv4: 5, IPv6: 0, 最小延迟: 81 ms, 最高速率: 47.94 M/s, 平均速率: 0.43 M/s, 最高分辨率: 1920x1080, 平均帧率: 25.00, 视频编解码器: hevc, 音频编解码器: aac
分类: 📺港澳频道, 名称: 明珠台, 总数: 10, 有效: 2, 有效率: 20.00%, IPv4: 10, IPv6: 0, 最小延迟: 174 ms, 最高速率: 18.46 M/s, 平均速率: 0.19 M/s, 最高分辨率: 1920x1080, 平均帧率: 27.50, 视频编解码器: hevc, 音频编解码器: aac
分类: 🎵歌曲合集, 名称: Alin精选16首(1小时), 总数: 1, 有效: 0, 有效率: 0.00%, IPv4: 1, IPv6: 0, 最小延迟: -1 ms, 最高速率: 0.00 M/s, 平均速率: 0.00 M/s, 最高分辨率: None, 平均帧率: 未知, 视频编解码器: 未知, 音频编解码器: 未知
分类: 📚纪录频道, 名称: 世界未解之谜, 总数: 1, 有效: 1, 有效率: 100.00%, IPv4: 1, IPv6: 0, 最小延迟: 635 ms, 最高速率: 0.30 M/s, 平均速率: 0.30 M/s, 最高分辨率: 1920x1080, 平均帧率: 62.50, 视频编解码器: h264, 音频编解码器: aac
分类: 🎵歌曲合集, 名称: By2精选16首(1小时), 总数: 1, 有效: 0, 有效率: 0.00%, IPv4: 1, IPv6: 0, 最小延迟: -1 ms, 最高速率: 0.00 M/s, 平均速率: 0.00 M/s, 最高分辨率: None, 平均帧率: 未知, 视频编解码器: 未知, 音频编解码器: 未知
分类: 📚纪录频道, 名称: 宇宙视界, 总数: 1, 有效: 1, 有效率: 100.00%, IPv4: 1, IPv6: 0, 最小延迟: 672 ms, 最高速率: 0.29 M/s, 平均速率: 0.29 M/s, 最高分辨率: 1920x1080, 平均帧率: 25.00, 视频编解码器: h264, 音频编解码器: aac
分类: 🎵歌曲合集, 名称: 刘若英精选50首(3小时), 总数: 1, 有效: 0, 有效率: 0.00%, IPv4: 1, IPv6: 0, 最小延迟: -1 ms, 最高速率: 0.00 M/s, 平均速率: 0.00 M/s, 最高分辨率: None, 平均帧率: 未知, 视频编解码器: 未知, 音频编解码器: 未知
分类: 🎵歌曲合集, 名称: 小贱精选9首(半小时), 总数: 1, 有效: 0, 有效率: 0.00%, IPv4: 1, IPv6: 0, 最小延迟: -1 ms, 最高速率: 0.00 M/s, 平均速率: 0.00 M/s, 最高分辨率: None, 平均帧率: 未知, 视频编解码器: 未知, 音频编解码器: 未知
分类: 🎵歌曲合集, 名称: Tank精选15首(1小时), 总数: 1, 有效: 0, 有效率: 0.00%, IPv4: 1, IPv6: 0, 最小延迟: -1 ms, 最高速率: 0.00 M/s, 平均速率: 0.00 M/s, 最高分辨率: None, 平均帧率: 未知, 视频编解码器: 未知, 音频编解码器: 未知
分类: 🎵歌曲合集, 名称: 南拳妈妈精选13首(1小时), 总数: 1, 有效: 0, 有效率: 0.00%, IPv4: 1, IPv6: 0, 最小延迟: -1 ms, 最高速率: 0.00 M/s, 平均速率: 0.00 M/s, 最高分辨率: None, 平均帧率: 未知, 视频编解码器: 未知, 音频编解码器: 未知
分类: 📚纪录频道, 名称: 碎片记, 总数: 1, 有效: 1, 有效率: 100.00%, IPv4: 1, IPv6: 0, 最小延迟: 634 ms, 最高速率: 0.30 M/s, 平均速率: 0.30 M/s, 最高分辨率: 1920x1080, 平均帧率: 30.30, 视频编解码器: h264, 音频编解码器: aac
分类: 📺港澳频道, 名称: 无线新闻台, 总数: 7, 有效: 2, 有效率: 28.57%, IPv4: 7, IPv6: 0, 最小延迟: 177 ms, 最高速率: 0.25 M/s, 平均速率: 0.20 M/s, 最高分辨率: 1920x1080, 平均帧率: 27.50, 视频编解码器: hevc, 音频编解码器: aac
分类: 📚纪录频道, 名称: 宇宙探索飞船, 总数: 1, 有效: 1, 有效率: 100.00%, IPv4: 1, IPv6: 0, 最小延迟: 618 ms, 最高速率: 0.31 M/s, 平均速率: 0.31 M/s, 最高分辨率: 1920x1080, 平均帧率: 25.00, 视频编解码器: h264, 音频编解码器: aac
分类: 🎵歌曲合集, 名称: 星弟精选9首(半小时), 总数: 1, 有效: 0, 有效率: 0.00%, IPv4: 1, IPv6: 0, 最小延迟: -1 ms, 最高速率: 0.00 M/s, 平均速率: 0.00 M/s, 最高分辨率: None, 平均帧率: 未知, 视频编解码器: 未知, 音频编解码器: 未知
分类: 🎵歌曲合集, 名称: 贾斯汀比伯精选21首(1小时), 总数: 1, 有效: 0, 有效率: 0.00%, IPv4: 1, IPv6: 0, 最小延迟: -1 ms, 最高速率: 0.00 M/s, 平均速率: 0.00 M/s, 最高分辨率: None, 平均帧率: 未知, 视频编解码器: 未知, 音频编解码器: 未知
分类: 🎵歌曲合集, 名称: 罗志祥精选16首(1小时), 总数: 1, 有效: 0, 有效率: 0.00%, IPv4: 1, IPv6: 0, 最小延迟: -1 ms, 最高速率: 0.00 M/s, 平均速率: 0.00 M/s, 最高分辨率: None, 平均帧率: 未知, 视频编解码器: 未知, 音频编解码器: 未知
分类: 🎵歌曲合集, 名称: 颜人中精选36首(1小时), 总数: 1, 有效: 0, 有效率: 0.00%, IPv4: 1, IPv6: 0, 最小延迟: -1 ms, 最高速率: 0.00 M/s, 平均速率: 0.00 M/s, 最高分辨率: None, 平均帧率: 未知, 视频编解码器: 未知, 音频编解码器: 未知
分类: 🎵歌曲合集, 名称: 飞轮海精选30首(2小时), 总数: 1, 有效: 0, 有效率: 0.00%, IPv4: 1, IPv6: 0, 最小延迟: -1 ms, 最高速率: 0.00 M/s, 平均速率: 0.00 M/s, 最高分辨率: None, 平均帧率: 未知, 视频编解码器: 未知, 音频编解码器: 未知
分类: 📺港澳频道, 名称: 凤凰中文, 总数: 8, 有效: 1, 有效率: 12.50%, IPv4: 8, IPv6: 0, 最小延迟: 451 ms, 最高速率: 0.32 M/s, 平均速率: 0.32 M/s, 最高分辨率: 1280x720, 平均帧率: 25.00, 视频编解码器: h264, 音频编解码器: aac
分类: 🎤周杰伦歌曲点播, 名称: SixDegree, 总数: 1, 有效: 1, 有效率: 100.00%, IPv4: 1, IPv6: 0, 最小延迟: 23 ms, 最高速率: 185.88 M/s, 平均速率: 185.88 M/s, 最高分辨率: 1920x1080, 平均帧率: 29.97, 视频编解码器: h264, 音频编解码器: aac
分类: 🎤周杰伦歌曲点播, 名称: 上海一九四三, 总数: 1, 有效: 1, 有效率: 100.00%, IPv4: 1, IPv6: 0, 最小延迟: 28 ms, 最高速率: 88.12 M/s, 平均速率: 88.12 M/s, 最高分辨率: 1920x1080, 平均帧率: 25.00, 视频编解码器: h264, 音频编解码器: aac
分类: 🎤周杰伦歌曲点播, 名称: 一点点, 总数: 1, 有效: 1, 有效率: 100.00%, IPv4: 1, IPv6: 0, 最小延迟: 26 ms, 最高速率: 91.05 M/s, 平均速率: 91.05 M/s, 最高分辨率: 1920x1080, 平均帧率: 24.00, 视频编解码器: h264, 音频编解码器: aac
分类: 🎤周杰伦歌曲点播, 名称: 东风破, 总数: 1, 有效: 1, 有效率: 100.00%, IPv4: 1, IPv6: 0, 最小延迟: 62 ms, 最高速率: 122.39 M/s, 平均速率: 122.39 M/s, 最高分辨率: 1920x1080, 平均帧率: 29.97, 视频编解码器: h264, 音频编解码器: aac
分类: 🎤周杰伦歌曲点播, 名称: 不能说的秘密, 总数: 1, 有效: 1, 有效率: 100.00%, IPv4: 1, IPv6: 0, 最小延迟: 28 ms, 最高速率: 142.32 M/s, 平均速率: 142.32 M/s, 最高分辨率: 1920x1080, 平均帧率: 25.00, 视频编解码器: h264, 音频编解码器: aac
分类: 🎤周杰伦歌曲点播, 名称: 你听得到, 总数: 1, 有效: 1, 有效率: 100.00%, IPv4: 1, IPv6: 0, 最小延迟: 79 ms, 最高速率: 138.02 M/s, 平均速率: 138.02 M/s, 最高分辨率: 1920x1080, 平均帧率: 29.97, 视频编解码器: h264, 音频编解码器: aac
分类: 🎤周杰伦歌曲点播, 名称: 不该, 总数: 1, 有效: 1, 有效率: 100.00%, IPv4: 1, IPv6: 0, 最小延迟: 21 ms, 最高速率: 118.13 M/s, 平均速率: 118.13 M/s, 最高分辨率: 1920x1080, 平均帧率: 23.98, 视频编解码器: h264, 音频编解码器: aac
分类: 🎤周杰伦歌曲点播, 名称: 一路向北, 总数: 1, 有效: 1, 有效率: 100.00%, IPv4: 1, IPv6: 0, 最小延迟: 24 ms, 最高速率: 123.27 M/s, 平均速率: 123.27 M/s, 最高分辨率: 1920x1080, 平均帧率: 25.00, 视频编解码器: h264, 音频编解码器: aac
分类: 🎤周杰伦歌曲点播, 名称: 乡间的路, 总数: 1, 有效: 1, 有效率: 100.00%, IPv4: 1, IPv6: 0, 最小延迟: 21 ms, 最高速率: 133.55 M/s, 平均速率: 133.55 M/s, 最高分辨率: 1920x1080, 平均帧率: 23.98, 视频编解码器: h264, 音频编解码器: aac
分类: 🎤周杰伦歌曲点播, 名称: 七里香, 总数: 1, 有效: 1, 有效率: 100.00%, IPv4: 1, IPv6: 0, 最小延迟: 20 ms, 最高速率: 109.57 M/s, 平均速率: 109.57 M/s, 最高分辨率: 1920x1080, 平均帧率: 25.00, 视频编解码器: h264, 音频编解码器: aac
分类: 📺港澳频道, 名称: 澳视葡文, 总数: 1, 有效: 0, 有效率: 0.00%, IPv4: 1, IPv6: 0, 最小延迟: 10045 ms, 最高速率: 0.04 M/s, 平均速率: 0.00 M/s, 最高分辨率: None, 平均帧率: 未知, 视频编解码器: 未知, 音频编解码器: 未知
分类: 🎤周杰伦歌曲点播, 名称: 借口, 总数: 1, 有效: 0, 有效率: 0.00%, IPv4: 1, IPv6: 0, 最小延迟: -1 ms, 最高速率: 0.00 M/s, 平均速率: 0.00 M/s, 最高分辨率: None, 平均帧率: 未知, 视频编解码器: 未知, 音频编解码器: 未知
分类: 🎤周杰伦歌曲点播, 名称: 傻笑, 总数: 1, 有效: 0, 有效率: 0.00%, IPv4: 1, IPv6: 0, 最小延迟: -1 ms, 最高速率: 0.00 M/s, 平均速率: 0.00 M/s, 最高分辨率: None, 平均帧率: 未知, 视频编解码器: 未知, 音频编解码器: 未知
分类: 🎤周杰伦歌曲点播, 名称: 兰亭序, 总数: 1, 有效: 0, 有效率: 0.00%, IPv4: 1, IPv6: 0, 最小延迟: -1 ms, 最高速率: 0.00 M/s, 平均速率: 0.00 M/s, 最高分辨率: None, 平均帧率: 未知, 视频编解码器: 未知, 音频编解码器: 未知
分类: 🎤周杰伦歌曲点播, 名称: 分裂, 总数: 1, 有效: 0, 有效率: 0.00%, IPv4: 1, IPv6: 0, 最小延迟: -1 ms, 最高速率: 0.00 M/s, 平均速率: 0.00 M/s, 最高分辨率: None, 平均帧率: 未知, 视频编解码器: 未知, 音频编解码器: 未知
分类: 🎤周杰伦歌曲点播, 名称: 前世情人, 总数: 1, 有效: 0, 有效率: 0.00%, IPv4: 1, IPv6: 0, 最小延迟: -1 ms, 最高速率: 0.00 M/s, 平均速率: 0.00 M/s, 最高分辨率: None, 平均帧率: 未知, 视频编解码器: 未知, 音频编解码器: 未知
分类: 🎤周杰伦歌曲点播, 名称: 千山万水, 总数: 1, 有效: 0, 有效率: 0.00%, IPv4: 1, IPv6: 0, 最小延迟: -1 ms, 最高速率: 0.00 M/s, 平均速率: 0.00 M/s, 最高分辨率: None, 平均帧率: 未知, 视频编解码器: 未知, 音频编解码器: 未知
分类: 🎤周杰伦歌曲点播, 名称: 千里之外, 总数: 1, 有效: 0, 有效率: 0.00%, IPv4: 1, IPv6: 0, 最小延迟: -1 ms, 最高速率: 0.00 M/s, 平均速率: 0.00 M/s, 最高分辨率: None, 平均帧率: 未知, 视频编解码器: 未知, 音频编解码器: 未知
分类: 📚纪录频道, 名称: 金鹰纪实, 总数: 6, 有效: 0, 有效率: 0.00%, IPv4: 6, IPv6: 0, 最小延迟: 921 ms, 最高速率: 1.19 M/s, 平均速率: 0.00 M/s, 最高分辨率: 1920x1080, 平均帧率: 37.50, 视频编解码器: h264, 音频编解码器: aac
分类: 🎤周杰伦歌曲点播, 名称: 半兽人, 总数: 1, 有效: 0, 有效率: 0.00%, IPv4: 1, IPv6: 0, 最小延迟: -1 ms, 最高速率: 0.00 M/s, 平均速率: 0.00 M/s, 最高分辨率: None, 平均帧率: 未知, 视频编解码器: 未知, 音频编解码器: 未知
分类: 🎤周杰伦歌曲点播, 名称: 半岛铁盒, 总数: 1, 有效: 0, 有效率: 0.00%, IPv4: 1, IPv6: 0, 最小延迟: -1 ms, 最高速率: 0.00 M/s, 平均速率: 0.00 M/s, 最高分辨率: None, 平均帧率: 未知, 视频编解码器: 未知, 音频编解码器: 未知
分类: 🎤周杰伦歌曲点播, 名称: 以父之名, 总数: 1, 有效: 0, 有效率: 0.00%, IPv4: 1, IPv6: 0, 最小延迟: 1643 ms, 最高速率: 12.39 M/s, 平均速率: 0.00 M/s, 最高分辨率: 1920x1080, 平均帧率: 29.97, 视频编解码器: h264, 音频编解码器: aac
分类: 📺港澳频道, 名称: 澳视澳门, 总数: 4, 有效: 1, 有效率: 25.00%, IPv4: 4, IPv6: 0, 最小延迟: 135 ms, 最高速率: 0.25 M/s, 平均速率: 0.25 M/s, 最高分辨率: 1920x1080, 平均帧率: 25.00, 视频编解码器: h264, 音频编解码器: aac
分类: 🎤周杰伦歌曲点播, 名称: 即兴曲, 总数: 1, 有效: 0, 有效率: 0.00%, IPv4: 1, IPv6: 0, 最小延迟: -1 ms, 最高速率: 0.00 M/s, 平均速率: 0.00 M/s, 最高分辨率: None, 平均帧率: 未知, 视频编解码器: 未知, 音频编解码器: 未知
分类: 🎤周杰伦歌曲点播, 名称: 反方向的钟, 总数: 1, 有效: 0, 有效率: 0.00%, IPv4: 1, IPv6: 0, 最小延迟: -1 ms, 最高速率: 0.00 M/s, 平均速率: 0.00 M/s, 最高分辨率: None, 平均帧率: 未知, 视频编解码器: 未知, 音频编解码器: 未知
分类: 🎤周杰伦歌曲点播, 名称: 双截棍, 总数: 1, 有效: 1, 有效率: 100.00%, IPv4: 1, IPv6: 0, 最小延迟: 32 ms, 最高速率: 90.60 M/s, 平均速率: 90.60 M/s, 最高分辨率: 1920x1080, 平均帧率: 25.00, 视频编解码器: h264, 音频编解码器: aac
分类: 🎤周杰伦歌曲点播, 名称: 可爱女人, 总数: 1, 有效: 1, 有效率: 100.00%, IPv4: 1, IPv6: 0, 最小延迟: 87 ms, 最高速率: 100.47 M/s, 平均速率: 100.47 M/s, 最高分辨率: 1920x1080, 平均帧率: 25.00, 视频编解码器: h264, 音频编解码器: aac
分类: 🎤周杰伦歌曲点播, 名称: 告白气球, 总数: 1, 有效: 1, 有效率: 100.00%, IPv4: 1, IPv6: 0, 最小延迟: 32 ms, 最高速率: 107.68 M/s, 平均速率: 107.68 M/s, 最高分辨率: 1920x1080, 平均帧率: 24.00, 视频编解码器: h264, 音频编解码器: aac
分类: 🎤周杰伦歌曲点播, 名称: I Do, 总数: 1, 有效: 1, 有效率: 100.00%, IPv4: 1, IPv6: 0, 最小延迟: 152 ms, 最高速率: 55.68 M/s, 平均速率: 55.68 M/s, 最高分辨率: 1920x1080, 平均帧率: 29.97, 视频编解码器: h264, 音频编解码器: aac
分类: 🎤周杰伦歌曲点播, 名称: mine mine, 总数: 1, 有效: 1, 有效率: 100.00%, IPv4: 1, IPv6: 0, 最小延迟: 151 ms, 最高速率: 61.44 M/s, 平均速率: 61.44 M/s, 最高分辨率: 1920x1080, 平均帧率: 29.97, 视频编解码器: h264, 音频编解码器: aac
分类: 🎤周杰伦歌曲点播, 名称: 圣徒, 总数: 1, 有效: 0, 有效率: 0.00%, IPv4: 1, IPv6: 0, 最小延迟: 23 ms, 最高速率: 169.49 M/s, 平均速率: 0.00 M/s, 最高分辨率: 960x540, 平均帧率: 29.99, 视频编解码器: h264, 音频编解码器: aac
分类: 🎤周杰伦歌曲点播, 名称: 园游会, 总数: 1, 有效: 1, 有效率: 100.00%, IPv4: 1, IPv6: 0, 最小延迟: 20 ms, 最高速率: 120.77 M/s, 平均速率: 120.77 M/s, 最高分辨率: 1920x1080, 平均帧率: 29.97, 视频编解码器: h264, 音频编解码器: aac
分类: 🎤周杰伦歌曲点播, 名称: 回到过去, 总数: 1, 有效: 1, 有效率: 100.00%, IPv4: 1, IPv6: 0, 最小延迟: 22 ms, 最高速率: 130.40 M/s, 平均速率: 130.40 M/s, 最高分辨率: 1920x1080, 平均帧率: 25.00, 视频编解码器: h264, 音频编解码器: aac
分类: 🎤周杰伦歌曲点播, 名称: 听妈妈的话, 总数: 1, 有效: 1, 有效率: 100.00%, IPv4: 1, IPv6: 0, 最小延迟: 78 ms, 最高速率: 47.49 M/s, 平均速率: 47.49 M/s, 最高分辨率: 1920x1080, 平均帧率: 25.00, 视频编解码器: h264, 音频编解码器: aac
分类: 🎤周杰伦歌曲点播, 名称: 听见下雨的声音, 总数: 1, 有效: 1, 有效率: 100.00%, IPv4: 1, IPv6: 0, 最小延迟: 65 ms, 最高速率: 177.06 M/s, 平均速率: 177.06 M/s, 最高分辨率: 1920x1080, 平均帧率: 24.00, 视频编解码器: h264, 音频编解码器: aac
分类: 🎤周杰伦歌曲点播, 名称: 倒带, 总数: 1, 有效: 1, 有效率: 100.00%, IPv4: 1, IPv6: 0, 最小延迟: 66 ms, 最高速率: 34.51 M/s, 平均速率: 34.51 M/s, 最高分辨率: 1920x1080, 平均帧率: 29.97, 视频编解码器: h264, 音频编解码器: aac
分类: 🎤周杰伦歌曲点播, 名称: 夜曲, 总数: 1, 有效: 1, 有效率: 100.00%, IPv4: 1, IPv6: 0, 最小延迟: 26 ms, 最高速率: 176.03 M/s, 平均速率: 176.03 M/s, 最高分辨率: 1920x1080, 平均帧率: 29.97, 视频编解码器: h264, 音频编解码器: aac
分类: 🎤周杰伦歌曲点播, 名称: Mojito, 总数: 1, 有效: 0, 有效率: 0.00%, IPv4: 1, IPv6: 0, 最小延迟: 2711 ms, 最高速率: 1.39 M/s, 平均速率: 0.00 M/s, 最高分辨率: 1920x1080, 平均帧率: 29.97, 视频编解码器: h264, 音频编解码器: aac
分类: 🎤周杰伦歌曲点播, 名称: 女儿殿下, 总数: 1, 有效: 0, 有效率: 0.00%, IPv4: 1, IPv6: 0, 最小延迟: 21 ms, 最高速率: 138.63 M/s, 平均速率: 0.00 M/s, 最高分辨率: 960x540, 平均帧率: 29.94, 视频编解码器: h264, 音频编解码器: aac
分类: 🎤周杰伦歌曲点播, 名称: 娘子, 总数: 1, 有效: 0, 有效率: 0.00%, IPv4: 1, IPv6: 0, 最小延迟: 16 ms, 最高速率: 95.33 M/s, 平均速率: 0.00 M/s, 最高分辨率: 768x432, 平均帧率: 29.97, 视频编解码器: h264, 音频编解码器: aac
分类: 🎤周杰伦歌曲点播, 名称: 完美主义, 总数: 1, 有效: 0, 有效率: 0.00%, IPv4: 1, IPv6: 0, 最小延迟: 31 ms, 最高速率: 130.46 M/s, 平均速率: 0.00 M/s, 最高分辨率: 768x432, 平均帧率: 25.00, 视频编解码器: h264, 音频编解码器: aac
分类: 🎤周杰伦歌曲点播, 名称: 她的睫毛, 总数: 1, 有效: 1, 有效率: 100.00%, IPv4: 1, IPv6: 0, 最小延迟: 23 ms, 最高速率: 188.24 M/s, 平均速率: 188.24 M/s, 最高分辨率: 1920x1080, 平均帧率: 25.00, 视频编解码器: h264, 音频编解码器: aac
分类: 🎤周杰伦歌曲点播, 名称: 太阳之子, 总数: 1, 有效: 1, 有效率: 100.00%, IPv4: 1, IPv6: 0, 最小延迟: 17 ms, 最高速率: 124.62 M/s, 平均速率: 124.62 M/s, 最高分辨率: 1920x1080, 平均帧率: 25.00, 视频编解码器: h264, 音频编解码器: aac
分类: 🎤周杰伦歌曲点播, 名称: 安静, 总数: 1, 有效: 1, 有效率: 100.00%, IPv4: 1, IPv6: 0, 最小延迟: 14 ms, 最高速率: 135.85 M/s, 平均速率: 135.85 M/s, 最高分辨率: 1920x1080, 平均帧率: 25.00, 视频编解码器: h264, 音频编解码器: aac
分类: 📚纪录频道, 名称: 环球旅游, 总数: 1, 有效: 0, 有效率: 0.00%, IPv4: 1, IPv6: 0, 最小延迟: 10795 ms, 最高速率: 0.00 M/s, 平均速率: 0.00 M/s, 最高分辨率: None, 平均帧率: 未知, 视频编解码器: 未知, 音频编解码器: 未知
分类: 🎤周杰伦歌曲点播, 名称: 将军, 总数: 1, 有效: 1, 有效率: 100.00%, IPv4: 1, IPv6: 0, 最小延迟: 14 ms, 最高速率: 109.07 M/s, 平均速率: 109.07 M/s, 最高分辨率: 1920x1080, 平均帧率: 29.97, 视频编解码器: h264, 音频编解码器: aac
分类: 🎤周杰伦歌曲点播, 名称: 开不了口, 总数: 1, 有效: 1, 有效率: 100.00%, IPv4: 1, IPv6: 0, 最小延迟: 20 ms, 最高速率: 155.95 M/s, 平均速率: 155.95 M/s, 最高分辨率: 1920x1080, 平均帧率: 25.00, 视频编解码器: h264, 音频编解码器: aac
分类: 🎤周杰伦歌曲点播, 名称: 七月的极光, 总数: 1, 有效: 0, 有效率: 0.00%, IPv4: 1, IPv6: 0, 最小延迟: 74 ms, 最高速率: 0.92 M/s, 平均速率: 0.00 M/s, 最高分辨率: 960x540, 平均帧率: 29.99, 视频编解码器: h264, 音频编解码器: aac
分类: 🎤周杰伦歌曲点播, 名称: 四面楚歌, 总数: 1, 有效: 1, 有效率: 100.00%, IPv4: 1, IPv6: 0, 最小延迟: 56 ms, 最高速率: 59.65 M/s, 平均速率: 59.65 M/s, 最高分辨率: 1920x1080, 平均帧率: 25.00, 视频编解码器: h264, 音频编解码器: aac
分类: 🎤周杰伦歌曲点播, 名称: 大笨钟, 总数: 1, 有效: 1, 有效率: 100.00%, IPv4: 1, IPv6: 0, 最小延迟: 23 ms, 最高速率: 183.89 M/s, 平均速率: 183.89 M/s, 最高分辨率: 1920x1080, 平均帧率: 29.97, 视频编解码器: h264, 音频编解码器: aac
分类: 🎤周杰伦歌曲点播, 名称: 我的地盘, 总数: 1, 有效: 0, 有效率: 0.00%, IPv4: 1, IPv6: 0, 最小延迟: 14 ms, 最高速率: 157.59 M/s, 平均速率: 0.00 M/s, 最高分辨率: 768x432, 平均帧率: 29.97, 视频编解码器: h264, 音频编解码器: aac
分类: 🎤周杰伦歌曲点播, 名称: 你好吗, 总数: 1, 有效: 1, 有效率: 100.00%, IPv4: 1, IPv6: 0, 最小延迟: 51 ms, 最高速率: 9.93 M/s, 平均速率: 9.93 M/s, 最高分辨率: 1920x1080, 平均帧率: 29.97, 视频编解码器: h264, 音频编解码器: aac
分类: 🎤周杰伦歌曲点播, 名称: 我是如此相信, 总数: 1, 有效: 1, 有效率: 100.00%, IPv4: 1, IPv6: 0, 最小延迟: 35 ms, 最高速率: 178.69 M/s, 平均速率: 178.69 M/s, 最高分辨率: 1920x1080, 平均帧率: 29.97, 视频编解码器: h264, 音频编解码器: aac
分类: 🎤周杰伦歌曲点播, 名称: 倒影, 总数: 1, 有效: 1, 有效率: 100.00%, IPv4: 1, IPv6: 0, 最小延迟: 93 ms, 最高速率: 1.46 M/s, 平均速率: 1.46 M/s, 最高分辨率: 1920x1080, 平均帧率: 29.97, 视频编解码器: h264, 音频编解码器: aac
分类: 🎤周杰伦歌曲点播, 名称: 我要夏天, 总数: 1, 有效: 1, 有效率: 100.00%, IPv4: 1, IPv6: 0, 最小延迟: 20 ms, 最高速率: 199.25 M/s, 平均速率: 199.25 M/s, 最高分辨率: 1920x1080, 平均帧率: 25.00, 视频编解码器: h264, 音频编解码器: aac
分类: 🎤周杰伦歌曲点播, 名称: 搁浅, 总数: 1, 有效: 1, 有效率: 100.00%, IPv4: 1, IPv6: 0, 最小延迟: 22 ms, 最高速率: 191.00 M/s, 平均速率: 191.00 M/s, 最高分辨率: 1920x1080, 平均帧率: 30.00, 视频编解码器: h264, 音频编解码器: aac
分类: 🎤周杰伦歌曲点播, 名称: 外婆, 总数: 1, 有效: 1, 有效率: 100.00%, IPv4: 1, IPv6: 0, 最小延迟: 49 ms, 最高速率: 7.60 M/s, 平均速率: 7.60 M/s, 最高分辨率: 1920x1080, 平均帧率: 25.00, 视频编解码器: h264, 音频编解码器: aac
分类: 🎤周杰伦歌曲点播, 名称: 断了的弦, 总数: 1, 有效: 1, 有效率: 100.00%, IPv4: 1, IPv6: 0, 最小延迟: 21 ms, 最高速率: 161.17 M/s, 平均速率: 161.17 M/s, 最高分辨率: 1920x1080, 平均帧率: 25.00, 视频编解码器: h264, 音频编解码器: aac
分类: 🎤周杰伦歌曲点播, 名称: 明明就, 总数: 1, 有效: 1, 有效率: 100.00%, IPv4: 1, IPv6: 0, 最小延迟: 20 ms, 最高速率: 187.61 M/s, 平均速率: 187.61 M/s, 最高分辨率: 1920x1080, 平均帧率: 24.00, 视频编解码器: h264, 音频编解码器: aac
分类: 🎤周杰伦歌曲点播, 名称: 哪里都是你, 总数: 1, 有效: 1, 有效率: 100.00%, IPv4: 1, IPv6: 0, 最小延迟: 43 ms, 最高速率: 5.36 M/s, 平均速率: 5.36 M/s, 最高分辨率: 1920x1080, 平均帧率: 24.00, 视频编解码器: h264, 音频编解码器: aac
分类: 🎤周杰伦歌曲点播, 名称: 双刀, 总数: 1, 有效: 1, 有效率: 100.00%, IPv4: 1, IPv6: 0, 最小延迟: 61 ms, 最高速率: 7.29 M/s, 平均速率: 7.29 M/s, 最高分辨率: 1920x1080, 平均帧率: 29.97, 视频编解码器: h264, 音频编解码器: aac
分类: 🎤周杰伦歌曲点播, 名称: 暗号, 总数: 1, 有效: 1, 有效率: 100.00%, IPv4: 1, IPv6: 0, 最小延迟: 22 ms, 最高速率: 180.54 M/s, 平均速率: 180.54 M/s, 最高分辨率: 1920x1080, 平均帧率: 25.00, 视频编解码器: h264, 音频编解码器: aac
分类: 🎤周杰伦歌曲点播, 名称: 周大侠, 总数: 1, 有效: 1, 有效率: 100.00%, IPv4: 1, IPv6: 0, 最小延迟: 56 ms, 最高速率: 4.27 M/s, 平均速率: 4.27 M/s, 最高分辨率: 1920x1080, 平均帧率: 30.00, 视频编解码器: h264, 音频编解码器: aac
分类: 🎤周杰伦歌曲点播, 名称: 发如雪, 总数: 1, 有效: 1, 有效率: 100.00%, IPv4: 1, IPv6: 0, 最小延迟: 54 ms, 最高速率: 10.15 M/s, 平均速率: 10.15 M/s, 最高分辨率: 1920x1080, 平均帧率: 25.00, 视频编解码器: h264, 音频编解码器: aac
分类: 🎤周杰伦歌曲点播, 名称: 彩虹, 总数: 1, 有效: 1, 有效率: 100.00%, IPv4: 1, IPv6: 0, 最小延迟: 38 ms, 最高速率: 7.53 M/s, 平均速率: 7.53 M/s, 最高分辨率: 1920x1080, 平均帧率: 29.97, 视频编解码器: h264, 音频编解码器: aac
分类: 🎤周杰伦歌曲点播, 名称: 夜的第七章, 总数: 1, 有效: 1, 有效率: 100.00%, IPv4: 1, IPv6: 0, 最小延迟: 39 ms, 最高速率: 3.65 M/s, 平均速率: 3.65 M/s, 最高分辨率: 1920x1080, 平均帧率: 29.97, 视频编解码器: h264, 音频编解码器: aac
分类: 🎤周杰伦歌曲点播, 名称: 本草纲目, 总数: 1, 有效: 1, 有效率: 100.00%, IPv4: 1, IPv6: 0, 最小延迟: 31 ms, 最高速率: 164.68 M/s, 平均速率: 164.68 M/s, 最高分辨率: 1920x1080, 平均帧率: 29.97, 视频编解码器: h264, 音频编解码器: aac
分类: 🎤周杰伦歌曲点播, 名称: 圣诞星, 总数: 1, 有效: 1, 有效率: 100.00%, IPv4: 1, IPv6: 0, 最小延迟: 50 ms, 最高速率: 3.99 M/s, 平均速率: 3.99 M/s, 最高分辨率: 1920x1080, 平均帧率: 25.00, 视频编解码器: h264, 音频编解码器: aac
分类: 🎤周杰伦歌曲点播, 名称: 枫, 总数: 1, 有效: 1, 有效率: 100.00%, IPv4: 1, IPv6: 0, 最小延迟: 16 ms, 最高速率: 135.00 M/s, 平均速率: 135.00 M/s, 最高分辨率: 1920x1080, 平均帧率: 29.97, 视频编解码器: h264, 音频编解码器: aac
分类: 🎤周杰伦歌曲点播, 名称: 最长的电影, 总数: 1, 有效: 1, 有效率: 100.00%, IPv4: 1, IPv6: 0, 最小延迟: 24 ms, 最高速率: 171.67 M/s, 平均速率: 171.67 M/s, 最高分辨率: 1920x1080, 平均帧率: 29.97, 视频编解码器: h264, 音频编解码器: aac
分类: 🎤周杰伦歌曲点播, 名称: 湘女多情, 总数: 1, 有效: 0, 有效率: 0.00%, IPv4: 1, IPv6: 0, 最小延迟: 23 ms, 最高速率: 174.97 M/s, 平均速率: 0.00 M/s, 最高分辨率: 960x540, 平均帧率: 30.00, 视频编解码器: h264, 音频编解码器: aac
分类: 🎤周杰伦歌曲点播, 名称: 淘金小镇, 总数: 1, 有效: 1, 有效率: 100.00%, IPv4: 1, IPv6: 0, 最小延迟: 21 ms, 最高速率: 192.17 M/s, 平均速率: 192.17 M/s, 最高分辨率: 1920x1080, 平均帧率: 29.97, 视频编解码器: h264, 音频编解码器: aac
分类: 🎤周杰伦歌曲点播, 名称: 漂移, 总数: 1, 有效: 0, 有效率: 0.00%, IPv4: 1, IPv6: 0, 最小延迟: 26 ms, 最高速率: 155.37 M/s, 平均速率: 0.00 M/s, 最高分辨率: 768x432, 平均帧率: 25.00, 视频编解码器: h264, 音频编解码器: aac
分类: 🎤周杰伦歌曲点播, 名称: 手写的从前, 总数: 1, 有效: 1, 有效率: 100.00%, IPv4: 1, IPv6: 0, 最小延迟: 63 ms, 最高速率: 150.60 M/s, 平均速率: 150.60 M/s, 最高分辨率: 1920x1080, 平均帧率: 25.00, 视频编解码器: h264, 音频编解码器: aac
分类: 🎤周杰伦歌曲点播, 名称: 威廉古堡, 总数: 1, 有效: 1, 有效率: 100.00%, IPv4: 1, IPv6: 0, 最小延迟: 57 ms, 最高速率: 4.00 M/s, 平均速率: 4.00 M/s, 最高分辨率: 1920x1080, 平均帧率: 30.00, 视频编解码器: h264, 音频编解码器: aac
分类: 🎤周杰伦歌曲点播, 名称: 星晴, 总数: 1, 有效: 1, 有效率: 100.00%, IPv4: 1, IPv6: 0, 最小延迟: 80 ms, 最高速率: 179.83 M/s, 平均速率: 179.83 M/s, 最高分辨率: 1920x1080, 平均帧率: 25.00, 视频编解码器: h264, 音频编解码器: aac
分类: 🎤周杰伦歌曲点播, 名称: 烟花易冷, 总数: 1, 有效: 1, 有效率: 100.00%, IPv4: 1, IPv6: 0, 最小延迟: 24 ms, 最高速率: 149.86 M/s, 平均速率: 149.86 M/s, 最高分辨率: 1920x1080, 平均帧率: 25.00, 视频编解码器: h264, 音频编解码器: aac
分类: 🎤周杰伦歌曲点播, 名称: 爱我别走, 总数: 1, 有效: 0, 有效率: 0.00%, IPv4: 1, IPv6: 0, 最小延迟: 20 ms, 最高速率: 164.89 M/s, 平均速率: 0.00 M/s, 最高分辨率: 720x480, 平均帧率: 29.97, 视频编解码器: h264, 音频编解码器: aac
分类: 🎤周杰伦歌曲点播, 名称: 爱你没差, 总数: 1, 有效: 1, 有效率: 100.00%, IPv4: 1, IPv6: 0, 最小延迟: 15 ms, 最高速率: 143.98 M/s, 平均速率: 143.98 M/s, 最高分辨率: 1920x1080, 平均帧率: 23.98, 视频编解码器: h264, 音频编解码器: aac
分类: 🎤周杰伦歌曲点播, 名称: 对不起, 总数: 1, 有效: 1, 有效率: 100.00%, IPv4: 1, IPv6: 0, 最小延迟: 42 ms, 最高速率: 3.29 M/s, 平均速率: 3.29 M/s, 最高分辨率: 1920x1080, 平均帧率: 30.00, 视频编解码器: h264, 音频编解码器: aac
分类: 🎤周杰伦歌曲点播, 名称: 爸我回来了, 总数: 1, 有效: 0, 有效率: 0.00%, IPv4: 1, IPv6: 0, 最小延迟: 19 ms, 最高速率: 162.53 M/s, 平均速率: 0.00 M/s, 最高分辨率: 768x432, 平均帧率: 29.97, 视频编解码器: h264, 音频编解码器: aac
分类: 🎤周杰伦歌曲点播, 名称: 床边故事, 总数: 1, 有效: 1, 有效率: 100.00%, IPv4: 1, IPv6: 0, 最小延迟: 46 ms, 最高速率: 3.73 M/s, 平均速率: 3.73 M/s, 最高分辨率: 1920x1080, 平均帧率: 24.00, 视频编解码器: h264, 音频编解码器: aac
分类: 🎤周杰伦歌曲点播, 名称: 心雨, 总数: 1, 有效: 1, 有效率: 100.00%, IPv4: 1, IPv6: 0, 最小延迟: 56 ms, 最高速率: 5.75 M/s, 平均速率: 5.75 M/s, 最高分辨率: 1920x1080, 平均帧率: 25.00, 视频编解码器: h264, 音频编解码器: aac
分类: 🎤周杰伦歌曲点播, 名称: 甜甜的, 总数: 1, 有效: 1, 有效率: 100.00%, IPv4: 1, IPv6: 0, 最小延迟: 23 ms, 最高速率: 170.65 M/s, 平均速率: 170.65 M/s, 最高分辨率: 1920x1080, 平均帧率: 25.00, 视频编解码器: h264, 音频编解码器: aac
分类: 🎤周杰伦歌曲点播, 名称: 珊瑚海, 总数: 1, 有效: 1, 有效率: 100.00%, IPv4: 1, IPv6: 0, 最小延迟: 21 ms, 最高速率: 184.42 M/s, 平均速率: 184.42 M/s, 最高分辨率: 1920x1080, 平均帧率: 29.97, 视频编解码器: h264, 音频编解码器: aac
分类: 🎤周杰伦歌曲点播, 名称: 忍者, 总数: 1, 有效: 1, 有效率: 100.00%, IPv4: 1, IPv6: 0, 最小延迟: 43 ms, 最高速率: 5.09 M/s, 平均速率: 5.09 M/s, 最高分辨率: 1920x1080, 平均帧率: 25.00, 视频编解码器: h264, 音频编解码器: aac
分类: 🎤周杰伦歌曲点播, 名称: 白色风车, 总数: 1, 有效: 1, 有效率: 100.00%, IPv4: 1, IPv6: 0, 最小延迟: 46 ms, 最高速率: 169.83 M/s, 平均速率: 169.83 M/s, 最高分辨率: 1920x1080, 平均帧率: 25.00, 视频编解码器: h264, 音频编解码器: aac
分类: 🎤周杰伦歌曲点播, 名称: 我不配, 总数: 1, 有效: 1, 有效率: 100.00%, IPv4: 1, IPv6: 0, 最小延迟: 62 ms, 最高速率: 9.09 M/s, 平均速率: 9.09 M/s, 最高分辨率: 1920x1080, 平均帧率: 23.98, 视频编解码器: h264, 音频编解码器: aac
分类: 🎤周杰伦歌曲点播, 名称: 稻香, 总数: 1, 有效: 1, 有效率: 100.00%, IPv4: 1, IPv6: 0, 最小延迟: 22 ms, 最高速率: 160.05 M/s, 平均速率: 160.05 M/s, 最高分辨率: 1920x1080, 平均帧率: 29.97, 视频编解码器: h264, 音频编解码器: aac
分类: 🎤周杰伦歌曲点播, 名称: 我落泪情绪零碎, 总数: 1, 有效: 1, 有效率: 100.00%, IPv4: 1, IPv6: 0, 最小延迟: 57 ms, 最高速率: 7.90 M/s, 平均速率: 7.90 M/s, 最高分辨率: 1920x1080, 平均帧率: 29.97, 视频编解码器: h264, 音频编解码器: aac
分类: 🎤周杰伦歌曲点播, 名称: 简单爱, 总数: 1, 有效: 1, 有效率: 100.00%, IPv4: 1, IPv6: 0, 最小延迟: 23 ms, 最高速率: 140.07 M/s, 平均速率: 140.07 M/s, 最高分辨率: 1920x1080, 平均帧率: 25.00, 视频编解码器: h264, 音频编解码器: aac
分类: 🎤周杰伦歌曲点播, 名称: 等你下课, 总数: 1, 有效: 1, 有效率: 100.00%, IPv4: 1, IPv6: 0, 最小延迟: 26 ms, 最高速率: 137.30 M/s, 平均速率: 137.30 M/s, 最高分辨率: 1920x1080, 平均帧率: 29.97, 视频编解码器: h264, 音频编解码器: aac
分类: 🎤周杰伦歌曲点播, 名称: 晴天, 总数: 1, 有效: 1, 有效率: 100.00%, IPv4: 1, IPv6: 0, 最小延迟: 65 ms, 最高速率: 6.09 M/s, 平均速率: 6.09 M/s, 最高分辨率: 1920x1080, 平均帧率: 25.00, 视频编解码器: h264, 音频编解码器: aac
分类: 🎤周杰伦歌曲点播, 名称: 算什么男人, 总数: 1, 有效: 1, 有效率: 100.00%, IPv4: 1, IPv6: 0, 最小延迟: 27 ms, 最高速率: 164.79 M/s, 平均速率: 164.79 M/s, 最高分辨率: 1920x1080, 平均帧率: 24.00, 视频编解码器: h264, 音频编解码器: aac
分类: 🎤周杰伦歌曲点播, 名称: 浪漫手机, 总数: 1, 有效: 1, 有效率: 100.00%, IPv4: 1, IPv6: 0, 最小延迟: 100 ms, 最高速率: 42.94 M/s, 平均速率: 42.94 M/s, 最高分辨率: 1920x1080, 平均帧率: 25.00, 视频编解码器: h264, 音频编解码器: aac
分类: 🎤周杰伦歌曲点播, 名称: 手语, 总数: 1, 有效: 1, 有效率: 100.00%, IPv4: 1, IPv6: 0, 最小延迟: 65 ms, 最高速率: 1.31 M/s, 平均速率: 1.31 M/s, 最高分辨率: 1920x1080, 平均帧率: 24.00, 视频编解码器: h264, 音频编解码器: aac
分类: 🎤周杰伦歌曲点播, 名称: 给我一首歌的时间, 总数: 1, 有效: 1, 有效率: 100.00%, IPv4: 1, IPv6: 0, 最小延迟: 22 ms, 最高速率: 176.59 M/s, 平均速率: 176.59 M/s, 最高分辨率: 1920x1080, 平均帧率: 25.00, 视频编解码器: h264, 音频编解码器: aac
分类: 🎤周杰伦歌曲点播, 名称: 蒲公英的约定, 总数: 1, 有效: 0, 有效率: 0.00%, IPv4: 1, IPv6: 0, 最小延迟: 21 ms, 最高速率: 125.20 M/s, 平均速率: 0.00 M/s, 最高分辨率: 768x432, 平均帧率: 30.00, 视频编解码器: h264, 音频编解码器: aac
分类: 🎤周杰伦歌曲点播, 名称: 最伟大的作品, 总数: 1, 有效: 1, 有效率: 100.00%, IPv4: 1, IPv6: 0, 最小延迟: 65 ms, 最高速率: 6.35 M/s, 平均速率: 6.35 M/s, 最高分辨率: 1920x1080, 平均帧率: 25.00, 视频编解码器: h264, 音频编解码器: aac
分类: 🎤周杰伦歌曲点播, 名称: 西西里, 总数: 1, 有效: 0, 有效率: 0.00%, IPv4: 1, IPv6: 0, 最小延迟: 17 ms, 最高速率: 157.18 M/s, 平均速率: 0.00 M/s, 最高分辨率: 960x540, 平均帧率: 30.00, 视频编解码器: h264, 音频编解码器: aac
分类: 🎤周杰伦歌曲点播, 名称: 花海, 总数: 1, 有效: 1, 有效率: 100.00%, IPv4: 1, IPv6: 0, 最小延迟: 23 ms, 最高速率: 149.46 M/s, 平均速率: 149.46 M/s, 最高分辨率: 1920x1080, 平均帧率: 25.00, 视频编解码器: h264, 音频编解码器: aac
分类: 🎤周杰伦歌曲点播, 名称: 牛仔很忙, 总数: 1, 有效: 1, 有效率: 100.00%, IPv4: 1, IPv6: 0, 最小延迟: 21 ms, 最高速率: 176.69 M/s, 平均速率: 176.69 M/s, 最高分辨率: 1920x1080, 平均帧率: 25.00, 视频编解码器: h264, 音频编解码器: aac
分类: 🎤周杰伦歌曲点播, 名称: 超人不会飞, 总数: 1, 有效: 0, 有效率: 0.00%, IPv4: 1, IPv6: 0, 最小延迟: 19 ms, 最高速率: 114.27 M/s, 平均速率: 0.00 M/s, 最高分辨率: 768x432, 平均帧率: 29.97, 视频编解码器: h264, 音频编解码器: aac
分类: 🎤周杰伦歌曲点播, 名称: 谁稀罕, 总数: 1, 有效: 0, 有效率: 0.00%, IPv4: 1, IPv6: 0, 最小延迟: 17 ms, 最高速率: 116.60 M/s, 平均速率: 0.00 M/s, 最高分辨率: 960x540, 平均帧率: 30.00, 视频编解码器: h264, 音频编解码器: aac
分类: 🎤周杰伦歌曲点播, 名称: 说好不哭, 总数: 1, 有效: 1, 有效率: 100.00%, IPv4: 1, IPv6: 0, 最小延迟: 21 ms, 最高速率: 182.76 M/s, 平均速率: 182.76 M/s, 最高分辨率: 1920x1080, 平均帧率: 24.00, 视频编解码器: h264, 音频编解码器: aac
分类: 🎤周杰伦歌曲点播, 名称: 跨时代, 总数: 1, 有效: 1, 有效率: 100.00%, IPv4: 1, IPv6: 0, 最小延迟: 25 ms, 最高速率: 189.10 M/s, 平均速率: 189.10 M/s, 最高分辨率: 1920x1080, 平均帧率: 30.00, 视频编解码器: h264, 音频编解码器: aac
分类: 🎤周杰伦歌曲点播, 名称: 最后的战役, 总数: 1, 有效: 1, 有效率: 100.00%, IPv4: 1, IPv6: 0, 最小延迟: 69 ms, 最高速率: 9.09 M/s, 平均速率: 9.09 M/s, 最高分辨率: 1920x1080, 平均帧率: 25.00, 视频编解码器: h264, 音频编解码器: aac
分类: 🎤周杰伦歌曲点播, 名称: 画沙, 总数: 1, 有效: 1, 有效率: 100.00%, IPv4: 1, IPv6: 0, 最小延迟: 57 ms, 最高速率: 60.58 M/s, 平均速率: 60.58 M/s, 最高分辨率: 1920x1080, 平均帧率: 29.97, 视频编解码器: h264, 音频编解码器: aac
分类: 🎤周杰伦歌曲点播, 名称: 米兰的小铁匠, 总数: 1, 有效: 1, 有效率: 100.00%, IPv4: 1, IPv6: 0, 最小延迟: 19 ms, 最高速率: 171.21 M/s, 平均速率: 171.21 M/s, 最高分辨率: 1920x1080, 平均帧率: 25.00, 视频编解码器: h264, 音频编解码器: aac
分类: 🎤周杰伦歌曲点播, 名称: 水手怕水, 总数: 1, 有效: 1, 有效率: 100.00%, IPv4: 1, IPv6: 0, 最小延迟: 65 ms, 最高速率: 5.38 M/s, 平均速率: 5.38 M/s, 最高分辨率: 1920x1080, 平均帧率: 29.97, 视频编解码器: h264, 音频编解码器: aac
分类: 🎤周杰伦歌曲点播, 名称: 说好的幸福呢, 总数: 1, 有效: 1, 有效率: 100.00%, IPv4: 1, IPv6: 0, 最小延迟: 88 ms, 最高速率: 38.30 M/s, 平均速率: 38.30 M/s, 最高分辨率: 1920x1080, 平均帧率: 25.00, 视频编解码器: h264, 音频编解码器: aac
分类: 🎤周杰伦歌曲点播, 名称: 阳光宅男, 总数: 1, 有效: 1, 有效率: 100.00%, IPv4: 1, IPv6: 0, 最小延迟: 64 ms, 最高速率: 121.51 M/s, 平均速率: 121.51 M/s, 最高分辨率: 1920x1080, 平均帧率: 25.00, 视频编解码器: h264, 音频编解码器: aac
分类: 🎤周杰伦歌曲点播, 名称: 爱情悬崖, 总数: 1, 有效: 1, 有效率: 100.00%, IPv4: 1, IPv6: 0, 最小延迟: 45 ms, 最高速率: 2.19 M/s, 平均速率: 2.19 M/s, 最高分辨率: 1920x1080, 平均帧率: 25.00, 视频编解码器: h264, 音频编解码器: aac
分类: 🎤周杰伦歌曲点播, 名称: 霍元甲, 总数: 1, 有效: 1, 有效率: 100.00%, IPv4: 1, IPv6: 0, 最小延迟: 22 ms, 最高速率: 193.13 M/s, 平均速率: 193.13 M/s, 最高分辨率: 1920x1080, 平均帧率: 30.00, 视频编解码器: h264, 音频编解码器: aac
分类: 🎤周杰伦歌曲点播, 名称: 爱在西元前, 总数: 1, 有效: 1, 有效率: 100.00%, IPv4: 1, IPv6: 0, 最小延迟: 46 ms, 最高速率: 6.15 M/s, 平均速率: 6.15 M/s, 最高分辨率: 1920x1080, 平均帧率: 25.00, 视频编解码器: h264, 音频编解码器: aac
分类: 🎤周杰伦歌曲点播, 名称: 爱的飞行日记, 总数: 1, 有效: 1, 有效率: 100.00%, IPv4: 1, IPv6: 0, 最小延迟: 41 ms, 最高速率: 6.45 M/s, 平均速率: 6.45 M/s, 最高分辨率: 1920x1080, 平均帧率: 25.00, 视频编解码器: h264, 音频编解码器: aac
分类: 🎤周杰伦歌曲点播, 名称: 青花瓷, 总数: 1, 有效: 1, 有效率: 100.00%, IPv4: 1, IPv6: 0, 最小延迟: 18 ms, 最高速率: 170.84 M/s, 平均速率: 170.84 M/s, 最高分辨率: 1920x1080, 平均帧率: 25.00, 视频编解码器: h264, 音频编解码器: aac
分类: 🎤周杰伦歌曲点播, 名称: 爷爷泡的茶, 总数: 1, 有效: 1, 有效率: 100.00%, IPv4: 1, IPv6: 0, 最小延迟: 40 ms, 最高速率: 2.56 M/s, 平均速率: 2.56 M/s, 最高分辨率: 1920x1080, 平均帧率: 25.00, 视频编解码器: h264, 音频编解码器: aac
分类: 🎤周杰伦歌曲点播, 名称: 黑色幽默, 总数: 1, 有效: 1, 有效率: 100.00%, IPv4: 1, IPv6: 0, 最小延迟: 25 ms, 最高速率: 170.15 M/s, 平均速率: 170.15 M/s, 最高分辨率: 1920x1080, 平均帧率: 25.00, 视频编解码器: h264, 音频编解码器: aac
分类: 🎤周杰伦歌曲点播, 名称: 黑色毛衣, 总数: 1, 有效: 1, 有效率: 100.00%, IPv4: 1, IPv6: 0, 最小延迟: 27 ms, 最高速率: 170.17 M/s, 平均速率: 170.17 M/s, 最高分辨率: 1920x1080, 平均帧率: 25.00, 视频编解码器: h264, 音频编解码器: aac
分类: 🎤周杰伦歌曲点播, 名称: 龙卷风, 总数: 1, 有效: 1, 有效率: 100.00%, IPv4: 1, IPv6: 0, 最小延迟: 20 ms, 最高速率: 172.64 M/s, 平均速率: 172.64 M/s, 最高分辨率: 1920x1080, 平均帧率: 25.00, 视频编解码器: h264, 音频编解码器: aac
分类: 🎤周杰伦歌曲点播, 名称: 蜗牛, 总数: 1, 有效: 1, 有效率: 100.00%, IPv4: 1, IPv6: 0, 最小延迟: 48 ms, 最高速率: 14.09 M/s, 平均速率: 14.09 M/s, 最高分辨率: 1920x1080, 平均帧率: 30.00, 视频编解码器: h264, 音频编解码器: aac
分类: 🎤周杰伦歌曲点播, 名称: 还在流浪, 总数: 1, 有效: 1, 有效率: 100.00%, IPv4: 1, IPv6: 0, 最小延迟: 42 ms, 最高速率: 17.88 M/s, 平均速率: 17.88 M/s, 最高分辨率: 1920x1080, 平均帧率: 29.97, 视频编解码器: h264, 音频编解码器: aac
分类: 🎤周杰伦歌曲点播, 名称: 红颜无霜, 总数: 1, 有效: 1, 有效率: 100.00%, IPv4: 1, IPv6: 0, 最小延迟: 47 ms, 最高速率: 2.23 M/s, 平均速率: 2.23 M/s, 最高分辨率: 1920x1080, 平均帧率: 29.97, 视频编解码器: h264, 音频编解码器: aac
分类: 🎤周杰伦歌曲点播, 名称: 粉色海洋, 总数: 1, 有效: 1, 有效率: 100.00%, IPv4: 1, IPv6: 0, 最小延迟: 67 ms, 最高速率: 2.28 M/s, 平均速率: 2.28 M/s, 最高分辨率: 1920x1080, 平均帧率: 29.97, 视频编解码器: h264, 音频编解码器: aac
分类: 🎤周杰伦歌曲点播, 名称: 红尘客栈, 总数: 1, 有效: 1, 有效率: 100.00%, IPv4: 1, IPv6: 0, 最小延迟: 46 ms, 最高速率: 7.27 M/s, 平均速率: 7.27 M/s, 最高分辨率: 1920x1080, 平均帧率: 24.00, 视频编解码器: h264, 音频编解码器: aac
分类: 🏀体育频道, 名称: 纬来体育, 总数: 1, 有效: 0, 有效率: 0.00%, IPv4: 1, IPv6: 0, 最小延迟: -1 ms, 最高速率: 0.00 M/s, 平均速率: 0.00 M/s, 最高分辨率: None, 平均帧率: 未知, 视频编解码器: 未知, 音频编解码器: 未知
分类: 🎤周杰伦歌曲点播, 名称: 退后, 总数: 1, 有效: 1, 有效率: 100.00%, IPv4: 1, IPv6: 0, 最小延迟: 40 ms, 最高速率: 8.22 M/s, 平均速率: 8.22 M/s, 最高分辨率: 1920x1080, 平均帧率: 29.97, 视频编解码器: h264, 音频编解码器: aac
分类: 🎤周杰伦歌曲点播, 名称: 菊花台, 总数: 1, 有效: 1, 有效率: 100.00%, IPv4: 1, IPv6: 0, 最小延迟: 57 ms, 最高速率: 7.73 M/s, 平均速率: 7.73 M/s, 最高分辨率: 1920x1080, 平均帧率: 29.97, 视频编解码器: h264, 音频编解码器: aac
分类: 🎤周杰伦歌曲点播, 名称: 说了再见, 总数: 1, 有效: 1, 有效率: 100.00%, IPv4: 1, IPv6: 0, 最小延迟: 46 ms, 最高速率: 6.24 M/s, 平均速率: 6.24 M/s, 最高分辨率: 1920x1080, 平均帧率: 25.00, 视频编解码器: h264, 音频编解码器: aac
分类: 🎤周杰伦歌曲点播, 名称: 那天下雨了, 总数: 1, 有效: 0, 有效率: 0.00%, IPv4: 1, IPv6: 0, 最小延迟: 40 ms, 最高速率: 1.07 M/s, 平均速率: 0.00 M/s, 最高分辨率: 960x540, 平均帧率: 30.00, 视频编解码器: h264, 音频编解码器: aac
分类: 🏀体育频道, 名称: 快乐垂钓, 总数: 1, 有效: 0, 有效率: 0.00%, IPv4: 1, IPv6: 0, 最小延迟: 919 ms, 最高速率: 0.58 M/s, 平均速率: 0.00 M/s, 最高分辨率: 640x360, 平均帧率: 25.00, 视频编解码器: h264, 音频编解码器: aac
分类: 🎤周杰伦歌曲点播, 名称: 黄金甲, 总数: 1, 有效: 1, 有效率: 100.00%, IPv4: 1, IPv6: 0, 最小延迟: 206 ms, 最高速率: 13.21 M/s, 平均速率: 13.21 M/s, 最高分辨率: 1920x1080, 平均帧率: 25.00, 视频编解码器: h264, 音频编解码器: aac
分类: 🐣动画频道, 名称: 新动漫, 总数: 1, 有效: 0, 有效率: 0.00%, IPv4: 1, IPv6: 0, 最小延迟: -1 ms, 最高速率: 0.00 M/s, 平均速率: 0.00 M/s, 最高分辨率: None, 平均帧率: 未知, 视频编解码器: 未知, 音频编解码器: 未知
分类: 🏀体育频道, 名称: 辽宁体育, 总数: 2, 有效: 0, 有效率: 0.00%, IPv4: 2, IPv6: 0, 最小延迟: -1 ms, 最高速率: 0.00 M/s, 平均速率: 0.00 M/s, 最高分辨率: None, 平均帧率: 未知, 视频编解码器: 未知, 音频编解码器: 未知
分类: 🎤周杰伦歌曲点播, 名称: 超跑女神, 总数: 1, 有效: 1, 有效率: 100.00%, IPv4: 1, IPv6: 0, 最小延迟: 50 ms, 最高速率: 3.77 M/s, 平均速率: 3.77 M/s, 最高分辨率: 1920x1080, 平均帧率: 29.97, 视频编解码器: h264, 音频编解码器: aac
分类: 🎤周杰伦歌曲点播, 名称: 轨迹, 总数: 1, 有效: 1, 有效率: 100.00%, IPv4: 1, IPv6: 0, 最小延迟: 48 ms, 最高速率: 8.45 M/s, 平均速率: 8.45 M/s, 最高分辨率: 1920x1080, 平均帧率: 29.97, 视频编解码器: h264, 音频编解码器: aac
分类: 🐣动画频道, 名称: 炫动卡通, 总数: 1, 有效: 0, 有效率: 0.00%, IPv4: 1, IPv6: 0, 最小延迟: -1 ms, 最高速率: 0.00 M/s, 平均速率: 0.00 M/s, 最高分辨率: None, 平均帧率: 未知, 视频编解码器: 未知, 音频编解码器: 未知
分类: 🔢数字频道, 名称: 嘉佳卡通, 总数: 1, 有效: 0, 有效率: 0.00%, IPv4: 1, IPv6: 0, 最小延迟: -1 ms, 最高速率: 0.00 M/s, 平均速率: 0.00 M/s, 最高分辨率: None, 平均帧率: 未知, 视频编解码器: 未知, 音频编解码器: 未知
分类: 🎤周杰伦歌曲点播, 名称: 错过的烟火, 总数: 1, 有效: 1, 有效率: 100.00%, IPv4: 1, IPv6: 0, 最小延迟: 42 ms, 最高速率: 5.84 M/s, 平均速率: 5.84 M/s, 最高分辨率: 1920x1080, 平均帧率: 29.97, 视频编解码器: h264, 音频编解码器: aac
分类: 🎤周杰伦歌曲点播, 名称: 雨下一整晚, 总数: 1, 有效: 1, 有效率: 100.00%, IPv4: 1, IPv6: 0, 最小延迟: 60 ms, 最高速率: 2.10 M/s, 平均速率: 2.10 M/s, 最高分辨率: 1920x1080, 平均帧率: 29.97, 视频编解码器: h264, 音频编解码器: aac
分类: 🔢数字频道, 名称: CETV-2, 总数: 1, 有效: 0, 有效率: 0.00%, IPv4: 1, IPv6: 0, 最小延迟: -1 ms, 最高速率: 0.00 M/s, 平均速率: 0.00 M/s, 最高分辨率: None, 平均帧率: 未知, 视频编解码器: 未知, 音频编解码器: 未知
分类: 🏳️‍🌈国际频道, 名称: 寰宇新闻台, 总数: 1, 有效: 0, 有效率: 0.00%, IPv4: 1, IPv6: 0, 最小延迟: -1 ms, 最高速率: 0.00 M/s, 平均速率: 0.00 M/s, 最高分辨率: None, 平均帧率: 未知, 视频编解码器: 未知, 音频编解码器: 未知
分类: 🏳️‍🌈国际频道, 名称: Newsmax, 总数: 1, 有效: 1, 有效率: 100.00%, IPv4: 1, IPv6: 0, 最小延迟: 152 ms, 最高速率: 23.61 M/s, 平均速率: 23.61 M/s, 最高分辨率: 1920x1080, 平均帧率: 29.97, 视频编解码器: h264, 音频编解码器: aac
分类: 🏳️‍🌈国际频道, 名称: 东森财经新闻, 总数: 1, 有效: 0, 有效率: 0.00%, IPv4: 1, IPv6: 0, 最小延迟: -1 ms, 最高速率: 0.00 M/s, 平均速率: 0.00 M/s, 最高分辨率: None, 平均帧率: 未知, 视频编解码器: 未知, 音频编解码器: 未知
分类: 🔢数字频道, 名称: CETV-4, 总数: 2, 有效: 0, 有效率: 0.00%, IPv4: 2, IPv6: 0, 最小延迟: -1 ms, 最高速率: 0.00 M/s, 平均速率: 0.00 M/s, 最高分辨率: None, 平均帧率: 未知, 视频编解码器: 未知, 音频编解码器: 未知
分类: 🏀体育频道, 名称: 五星体育, 总数: 2, 有效: 0, 有效率: 0.00%, IPv4: 2, IPv6: 0, 最小延迟: 2204 ms, 最高速率: 0.56 M/s, 平均速率: 0.00 M/s, 最高分辨率: 1920x1080, 平均帧率: 25.00, 视频编解码器: h264, 音频编解码器: aac
分类: 🏳️‍🌈国际频道, 名称: 华视HD, 总数: 2, 有效: 0, 有效率: 0.00%, IPv4: 2, IPv6: 0, 最小延迟: -1 ms, 最高速率: 0.00 M/s, 平均速率: 0.00 M/s, 最高分辨率: None, 平均帧率: 未知, 视频编解码器: 未知, 音频编解码器: 未知
分类: 🎤周杰伦歌曲点播, 名称: 龙拳, 总数: 1, 有效: 1, 有效率: 100.00%, IPv4: 1, IPv6: 0, 最小延迟: 56 ms, 最高速率: 2.95 M/s, 平均速率: 2.95 M/s, 最高分辨率: 1920x1080, 平均帧率: 29.97, 视频编解码器: h264, 音频编解码器: aac
分类: 🏳️‍🌈国际频道, 名称: Love Nature, 总数: 1, 有效: 0, 有效率: 0.00%, IPv4: 1, IPv6: 0, 最小延迟: -1 ms, 最高速率: 0.00 M/s, 平均速率: 0.00 M/s, 最高分辨率: None, 平均帧率: 未知, 视频编解码器: 未知, 音频编解码器: 未知
分类: 🏳️‍🌈国际频道, 名称: 生命电视, 总数: 2, 有效: 0, 有效率: 0.00%, IPv4: 2, IPv6: 0, 最小延迟: -1 ms, 最高速率: 0.00 M/s, 平均速率: 0.00 M/s, 最高分辨率: None, 平均帧率: 未知, 视频编解码器: 未知, 音频编解码器: 未知
分类: 🏳️‍🌈国际频道, 名称: 民视新闻HD, 总数: 7, 有效: 2, 有效率: 28.57%, IPv4: 7, IPv6: 0, 最小延迟: 938 ms, 最高速率: 1.64 M/s, 平均速率: 1.50 M/s, 最高分辨率: 1920x1080, 平均帧率: 29.97, 视频编解码器: h264, 音频编解码器: aac
分类: 🏳️‍🌈国际频道, 名称: Good2, 总数: 1, 有效: 0, 有效率: 0.00%, IPv4: 1, IPv6: 0, 最小延迟: 6472 ms, 最高速率: 0.16 M/s, 平均速率: 0.00 M/s, 最高分辨率: 1920x1080, 平均帧率: 30.00, 视频编解码器: h264, 音频编解码器: aac
分类: ✨特色影视, 名称: 斗鱼港剧, 总数: 1, 有效: 0, 有效率: 0.00%, IPv4: 1, IPv6: 0, 最小延迟: -1 ms, 最高速率: 0.00 M/s, 平均速率: 0.00 M/s, 最高分辨率: None, 平均帧率: 未知, 视频编解码器: 未知, 音频编解码器: 未知
分类: 🐣动画频道, 名称: 动漫秀场, 总数: 1, 有效: 0, 有效率: 0.00%, IPv4: 1, IPv6: 0, 最小延迟: 10211 ms, 最高速率: 0.34 M/s, 平均速率: 0.00 M/s, 最高分辨率: 1920x1080, 平均帧率: 50.00, 视频编解码器: h264, 音频编解码器: mp2
分类: ✨特色影视, 名称: 新片放映厅, 总数: 2, 有效: 0, 有效率: 0.00%, IPv4: 2, IPv6: 0, 最小延迟: -1 ms, 最高速率: 0.00 M/s, 平均速率: 0.00 M/s, 最高分辨率: None, 平均帧率: 未知, 视频编解码器: 未知, 音频编解码器: 未知
分类: ✨特色影视, 名称: 抗战经典影片, 总数: 2, 有效: 0, 有效率: 0.00%, IPv4: 2, IPv6: 0, 最小延迟: -1 ms, 最高速率: 0.00 M/s, 平均速率: 0.00 M/s, 最高分辨率: None, 平均帧率: 未知, 视频编解码器: 未知, 音频编解码器: 未知
分类: ✨特色影视, 名称: 经典香港电影, 总数: 1, 有效: 0, 有效率: 0.00%, IPv4: 1, IPv6: 0, 最小延迟: -1 ms, 最高速率: 0.00 M/s, 平均速率: 0.00 M/s, 最高分辨率: None, 平均帧率: 未知, 视频编解码器: 未知, 音频编解码器: 未知
分类: 🐣动画频道, 名称: 金鹰卡通, 总数: 7, 有效: 0, 有效率: 0.00%, IPv4: 7, IPv6: 0, 最小延迟: 1283 ms, 最高速率: 0.83 M/s, 平均速率: 0.00 M/s, 最高分辨率: 1920x1080, 平均帧率: 41.67, 视频编解码器: h264, 音频编解码器: aac
分类: 🏀体育频道, 名称: 广东体育, 总数: 18, 有效: 1, 有效率: 5.56%, IPv4: 18, IPv6: 0, 最小延迟: 161 ms, 最高速率: 0.39 M/s, 平均速率: 0.39 M/s, 最高分辨率: 1920x1080, 平均帧率: 25.00, 视频编解码器: h264, 音频编解码器: mp2
分类: ✨特色影视, 名称: 经典剧集, 总数: 1, 有效: 0, 有效率: 0.00%, IPv4: 1, IPv6: 0, 最小延迟: -1 ms, 最高速率: 0.00 M/s, 平均速率: 0.00 M/s, 最高分辨率: None, 平均帧率: 未知, 视频编解码器: 未知, 音频编解码器: 未知
分类: 🏳️‍🌈国际频道, 名称: 中视新闻, 总数: 3, 有效: 0, 有效率: 0.00%, IPv4: 3, IPv6: 0, 最小延迟: 3118 ms, 最高速率: 0.51 M/s, 平均速率: 0.00 M/s, 最高分辨率: 1920x1080, 平均帧率: 29.99, 视频编解码器: h264, 音频编解码器: aac
分类: 🎤综艺频道, 名称: 3030相声小品, 总数: 1, 有效: 0, 有效率: 0.00%, IPv4: 1, IPv6: 0, 最小延迟: 617 ms, 最高速率: 0.32 M/s, 平均速率: 0.00 M/s, 最高分辨率: 960x540, 平均帧率: 25.00, 视频编解码器: h264, 音频编解码器: aac
分类: 🎤综艺频道, 名称: 阿七点歌台, 总数: 1, 有效: 1, 有效率: 100.00%, IPv4: 1, IPv6: 0, 最小延迟: 624 ms, 最高速率: 0.30 M/s, 平均速率: 0.30 M/s, 最高分辨率: 1920x1080, 平均帧率: 30.00, 视频编解码器: h264, 音频编解码器: aac
分类: ✨特色影视, 名称: 美亚电影台, 总数: 3, 有效: 1, 有效率: 33.33%, IPv4: 3, IPv6: 0, 最小延迟: 712 ms, 最高速率: 0.61 M/s, 平均速率: 0.14 M/s, 最高分辨率: 1920x1080, 平均帧率: 26.66, 视频编解码器: h264, 音频编解码器: aac
分类: ✨特色影视, 名称: 冰冰影剧, 总数: 1, 有效: 1, 有效率: 100.00%, IPv4: 1, IPv6: 0, 最小延迟: 599 ms, 最高速率: 0.69 M/s, 平均速率: 0.69 M/s, 最高分辨率: 1280x720, 平均帧率: 25.00, 视频编解码器: h264, 音频编解码器: aac
分类: 🐣动画频道, 名称: 卡酷动画, 总数: 2, 有效: 0, 有效率: 0.00%, IPv4: 2, IPv6: 0, 最小延迟: 9298 ms, 最高速率: 0.29 M/s, 平均速率: 0.00 M/s, 最高分辨率: 1920x1080, 平均帧率: 25.00, 视频编解码器: h264, 音频编解码器: aac
分类: ✨特色影视, 名称: 华语影视, 总数: 1, 有效: 1, 有效率: 100.00%, IPv4: 1, IPv6: 0, 最小延迟: 779 ms, 最高速率: 0.79 M/s, 平均速率: 0.79 M/s, 最高分辨率: 1280x720, 平均帧率: 23.00, 视频编解码器: h264, 音频编解码器: aac
分类: ✨特色影视, 名称: 橙记港剧, 总数: 1, 有效: 0, 有效率: 0.00%, IPv4: 1, IPv6: 0, 最小延迟: -1 ms, 最高速率: 0.00 M/s, 平均速率: 0.00 M/s, 最高分辨率: None, 平均帧率: 未知, 视频编解码器: 未知, 音频编解码器: 未知
分类: ✨特色影视, 名称: 华数动作影院, 总数: 1, 有效: 0, 有效率: 0.00%, IPv4: 1, IPv6: 0, 最小延迟: 10255 ms, 最高速率: 0.16 M/s, 平均速率: 0.00 M/s, 最高分辨率: 1920x1080, 平均帧率: 25.00, 视频编解码器: h264, 音频编解码器: mp2
分类: 🔢数字频道, 名称: CETV-1, 总数: 2, 有效: 0, 有效率: 0.00%, IPv4: 2, IPv6: 0, 最小延迟: 10637 ms, 最高速率: 0.00 M/s, 平均速率: 0.00 M/s, 最高分辨率: None, 平均帧率: 未知, 视频编解码器: 未知, 音频编解码器: 未知
分类: ✨特色影视, 名称: 邵氏影院, 总数: 1, 有效: 1, 有效率: 100.00%, IPv4: 1, IPv6: 0, 最小延迟: 928 ms, 最高速率: 0.32 M/s, 平均速率: 0.32 M/s, 最高分辨率: 1280x720, 平均帧率: 25.00, 视频编解码器: h264, 音频编解码器: aac
分类: ✨特色影视, 名称: 刀刀影院, 总数: 1, 有效: 1, 有效率: 100.00%, IPv4: 1, IPv6: 0, 最小延迟: 769 ms, 最高速率: 0.38 M/s, 平均速率: 0.38 M/s, 最高分辨率: 1280x720, 平均帧率: 30.00, 视频编解码器: h264, 音频编解码器: aac
分类: ✨特色影视, 名称: 热门港剧, 总数: 1, 有效: 1, 有效率: 100.00%, IPv4: 1, IPv6: 0, 最小延迟: 777 ms, 最高速率: 0.36 M/s, 平均速率: 0.36 M/s, 最高分辨率: 1280x720, 平均帧率: 30.00, 视频编解码器: h264, 音频编解码器: aac
